/var/tmp/slurmd_spool/job3129844/slurm_script: line 13: module: command not found
/var/tmp/slurmd_spool/job3129844/slurm_script: line 14: module: command not found
icx: warning: -Xlinker --enable-new-dtags: 'linker' input unused [-Wunused-command-line-argument]
icx: warning: -Xlinker -rpath: 'linker' input unused [-Wunused-command-line-argument]
icx: warning: -Xlinker /apps/SPACK/0.19.1/opt/linux-almalinux8-icelake/gcc-8.5.0/intel-oneapi-mpi-2021.10.0-ki6gcj4pr5rekayazvm4lsmvcyosce25/mpi/2021.10.0/lib/release: 'linker' input unused [-Wunused-command-line-argument]
icx: warning: -Xlinker -rpath: 'linker' input unused [-Wunused-command-line-argument]
icx: warning: -Xlinker /apps/SPACK/0.19.1/opt/linux-almalinux8-icelake/gcc-8.5.0/intel-oneapi-mpi-2021.10.0-ki6gcj4pr5rekayazvm4lsmvcyosce25/mpi/2021.10.0/lib: 'linker' input unused [-Wunused-command-line-argument]
icx: warning: -lmpifort: 'linker' input unused [-Wunused-command-line-argument]
icx: warning: -lmpi: 'linker' input unused [-Wunused-command-line-argument]
icx: warning: -ldl: 'linker' input unused [-Wunused-command-line-argument]
icx: warning: -lrt: 'linker' input unused [-Wunused-command-line-argument]
icx: warning: -lpthread: 'linker' input unused [-Wunused-command-line-argument]
icx: warning: argument unused during compilation: '-L/apps/SPACK/0.19.1/opt/linux-almalinux8-icelake/gcc-8.5.0/intel-oneapi-mpi-2021.10.0-ki6gcj4pr5rekayazvm4lsmvcyosce25/mpi/2021.10.0/lib/release' [-Wunused-command-line-argument]
icx: warning: argument unused during compilation: '-L/apps/SPACK/0.19.1/opt/linux-almalinux8-icelake/gcc-8.5.0/intel-oneapi-mpi-2021.10.0-ki6gcj4pr5rekayazvm4lsmvcyosce25/mpi/2021.10.0/lib' [-Wunused-command-line-argument]
icx: warning: -Xlinker --enable-new-dtags: 'linker' input unused [-Wunused-command-line-argument]
icx: warning: -Xlinker -rpath: 'linker' input unused [-Wunused-command-line-argument]
icx: warning: -Xlinker /apps/SPACK/0.19.1/opt/linux-almalinux8-icelake/gcc-8.5.0/intel-oneapi-mpi-2021.10.0-ki6gcj4pr5rekayazvm4lsmvcyosce25/mpi/2021.10.0/lib/release: 'linker' input unused [-Wunused-command-line-argument]
icx: warning: -Xlinker -rpath: 'linker' input unused [-Wunused-command-line-argument]
icx: warning: -Xlinker /apps/SPACK/0.19.1/opt/linux-almalinux8-icelake/gcc-8.5.0/intel-oneapi-mpi-2021.10.0-ki6gcj4pr5rekayazvm4lsmvcyosce25/mpi/2021.10.0/lib: 'linker' input unused [-Wunused-command-line-argument]
icx: warning: -lmpifort: 'linker' input unused [-Wunused-command-line-argument]
icx: warning: -lmpi: 'linker' input unused [-Wunused-command-line-argument]
icx: warning: -ldl: 'linker' input unused [-Wunused-command-line-argument]
icx: warning: -lrt: 'linker' input unused [-Wunused-command-line-argument]
icx: warning: -lpthread: 'linker' input unused [-Wunused-command-line-argument]
icx: warning: argument unused during compilation: '-L/apps/SPACK/0.19.1/opt/linux-almalinux8-icelake/gcc-8.5.0/intel-oneapi-mpi-2021.10.0-ki6gcj4pr5rekayazvm4lsmvcyosce25/mpi/2021.10.0/lib/release' [-Wunused-command-line-argument]
icx: warning: argument unused during compilation: '-L/apps/SPACK/0.19.1/opt/linux-almalinux8-icelake/gcc-8.5.0/intel-oneapi-mpi-2021.10.0-ki6gcj4pr5rekayazvm4lsmvcyosce25/mpi/2021.10.0/lib' [-Wunused-command-line-argument]
icx: warning: -Xlinker --enable-new-dtags: 'linker' input unused [-Wunused-command-line-argument]
icx: warning: -Xlinker -rpath: 'linker' input unused [-Wunused-command-line-argument]
icx: warning: -Xlinker /apps/SPACK/0.19.1/opt/linux-almalinux8-icelake/gcc-8.5.0/intel-oneapi-mpi-2021.10.0-ki6gcj4pr5rekayazvm4lsmvcyosce25/mpi/2021.10.0/lib/release: 'linker' input unused [-Wunused-command-line-argument]
icx: warning: -Xlinker -rpath: 'linker' input unused [-Wunused-command-line-argument]
icx: warning: -Xlinker /apps/SPACK/0.19.1/opt/linux-almalinux8-icelake/gcc-8.5.0/intel-oneapi-mpi-2021.10.0-ki6gcj4pr5rekayazvm4lsmvcyosce25/mpi/2021.10.0/lib: 'linker' input unused [-Wunused-command-line-argument]
icx: warning: -lmpifort: 'linker' input unused [-Wunused-command-line-argument]
icx: warning: -lmpi: 'linker' input unused [-Wunused-command-line-argument]
icx: warning: -ldl: 'linker' input unused [-Wunused-command-line-argument]
icx: warning: -lrt: 'linker' input unused [-Wunused-command-line-argument]
icx: warning: -lpthread: 'linker' input unused [-Wunused-command-line-argument]
icx: warning: argument unused during compilation: '-L/apps/SPACK/0.19.1/opt/linux-almalinux8-icelake/gcc-8.5.0/intel-oneapi-mpi-2021.10.0-ki6gcj4pr5rekayazvm4lsmvcyosce25/mpi/2021.10.0/lib/release' [-Wunused-command-line-argument]
icx: warning: argument unused during compilation: '-L/apps/SPACK/0.19.1/opt/linux-almalinux8-icelake/gcc-8.5.0/intel-oneapi-mpi-2021.10.0-ki6gcj4pr5rekayazvm4lsmvcyosce25/mpi/2021.10.0/lib' [-Wunused-command-line-argument]
icx: warning: -Xlinker --enable-new-dtags: 'linker' input unused [-Wunused-command-line-argument]
icx: warning: -Xlinker -rpath: 'linker' input unused [-Wunused-command-line-argument]
icx: warning: -Xlinker /apps/SPACK/0.19.1/opt/linux-almalinux8-icelake/gcc-8.5.0/intel-oneapi-mpi-2021.10.0-ki6gcj4pr5rekayazvm4lsmvcyosce25/mpi/2021.10.0/lib/release: 'linker' input unused [-Wunused-command-line-argument]
icx: warning: -Xlinker -rpath: 'linker' input unused [-Wunused-command-line-argument]
icx: warning: -Xlinker /apps/SPACK/0.19.1/opt/linux-almalinux8-icelake/gcc-8.5.0/intel-oneapi-mpi-2021.10.0-ki6gcj4pr5rekayazvm4lsmvcyosce25/mpi/2021.10.0/lib: 'linker' input unused [-Wunused-command-line-argument]
icx: warning: -lmpifort: 'linker' input unused [-Wunused-command-line-argument]
icx: warning: -lmpi: 'linker' input unused [-Wunused-command-line-argument]
icx: warning: -ldl: 'linker' input unused [-Wunused-command-line-argument]
icx: warning: -lrt: 'linker' input unused [-Wunused-command-line-argument]
icx: warning: -lpthread: 'linker' input unused [-Wunused-command-line-argument]
icx: warning: argument unused during compilation: '-L/apps/SPACK/0.19.1/opt/linux-almalinux8-icelake/gcc-8.5.0/intel-oneapi-mpi-2021.10.0-ki6gcj4pr5rekayazvm4lsmvcyosce25/mpi/2021.10.0/lib/release' [-Wunused-command-line-argument]
icx: warning: argument unused during compilation: '-L/apps/SPACK/0.19.1/opt/linux-almalinux8-icelake/gcc-8.5.0/intel-oneapi-mpi-2021.10.0-ki6gcj4pr5rekayazvm4lsmvcyosce25/mpi/2021.10.0/lib' [-Wunused-command-line-argument]
icx: warning: -Xlinker --enable-new-dtags: 'linker' input unused [-Wunused-command-line-argument]
icx: warning: -Xlinker -rpath: 'linker' input unused [-Wunused-command-line-argument]
icx: warning: -Xlinker /apps/SPACK/0.19.1/opt/linux-almalinux8-icelake/gcc-8.5.0/intel-oneapi-mpi-2021.10.0-ki6gcj4pr5rekayazvm4lsmvcyosce25/mpi/2021.10.0/lib/release: 'linker' input unused [-Wunused-command-line-argument]
icx: warning: -Xlinker -rpath: 'linker' input unused [-Wunused-command-line-argument]
icx: warning: -Xlinker /apps/SPACK/0.19.1/opt/linux-almalinux8-icelake/gcc-8.5.0/intel-oneapi-mpi-2021.10.0-ki6gcj4pr5rekayazvm4lsmvcyosce25/mpi/2021.10.0/lib: 'linker' input unused [-Wunused-command-line-argument]
icx: warning: -lmpifort: 'linker' input unused [-Wunused-command-line-argument]
icx: warning: -lmpi: 'linker' input unused [-Wunused-command-line-argument]
icx: warning: -ldl: 'linker' input unused [-Wunused-command-line-argument]
icx: warning: -lrt: 'linker' input unused [-Wunused-command-line-argument]
icx: warning: -lpthread: 'linker' input unused [-Wunused-command-line-argument]
icx: warning: argument unused during compilation: '-L/apps/SPACK/0.19.1/opt/linux-almalinux8-icelake/gcc-8.5.0/intel-oneapi-mpi-2021.10.0-ki6gcj4pr5rekayazvm4lsmvcyosce25/mpi/2021.10.0/lib/release' [-Wunused-command-line-argument]
icx: warning: argument unused during compilation: '-L/apps/SPACK/0.19.1/opt/linux-almalinux8-icelake/gcc-8.5.0/intel-oneapi-mpi-2021.10.0-ki6gcj4pr5rekayazvm4lsmvcyosce25/mpi/2021.10.0/lib' [-Wunused-command-line-argument]
icx: warning: -Xlinker --enable-new-dtags: 'linker' input unused [-Wunused-command-line-argument]
icx: warning: -Xlinker -rpath: 'linker' input unused [-Wunused-command-line-argument]
icx: warning: -Xlinker /apps/SPACK/0.19.1/opt/linux-almalinux8-icelake/gcc-8.5.0/intel-oneapi-mpi-2021.10.0-ki6gcj4pr5rekayazvm4lsmvcyosce25/mpi/2021.10.0/lib/release: 'linker' input unused [-Wunused-command-line-argument]
icx: warning: -Xlinker -rpath: 'linker' input unused [-Wunused-command-line-argument]
icx: warning: -Xlinker /apps/SPACK/0.19.1/opt/linux-almalinux8-icelake/gcc-8.5.0/intel-oneapi-mpi-2021.10.0-ki6gcj4pr5rekayazvm4lsmvcyosce25/mpi/2021.10.0/lib: 'linker' input unused [-Wunused-command-line-argument]
icx: warning: -lmpifort: 'linker' input unused [-Wunused-command-line-argument]
icx: warning: -lmpi: 'linker' input unused [-Wunused-command-line-argument]
icx: warning: -ldl: 'linker' input unused [-Wunused-command-line-argument]
icx: warning: -lrt: 'linker' input unused [-Wunused-command-line-argument]
icx: warning: -lpthread: 'linker' input unused [-Wunused-command-line-argument]
icx: warning: argument unused during compilation: '-L/apps/SPACK/0.19.1/opt/linux-almalinux8-icelake/gcc-8.5.0/intel-oneapi-mpi-2021.10.0-ki6gcj4pr5rekayazvm4lsmvcyosce25/mpi/2021.10.0/lib/release' [-Wunused-command-line-argument]
icx: warning: argument unused during compilation: '-L/apps/SPACK/0.19.1/opt/linux-almalinux8-icelake/gcc-8.5.0/intel-oneapi-mpi-2021.10.0-ki6gcj4pr5rekayazvm4lsmvcyosce25/mpi/2021.10.0/lib' [-Wunused-command-line-argument]
icx: warning: -Xlinker --enable-new-dtags: 'linker' input unused [-Wunused-command-line-argument]
icx: warning: -Xlinker -rpath: 'linker' input unused [-Wunused-command-line-argument]
icx: warning: -Xlinker /apps/SPACK/0.19.1/opt/linux-almalinux8-icelake/gcc-8.5.0/intel-oneapi-mpi-2021.10.0-ki6gcj4pr5rekayazvm4lsmvcyosce25/mpi/2021.10.0/lib/release: 'linker' input unused [-Wunused-command-line-argument]
icx: warning: -Xlinker -rpath: 'linker' input unused [-Wunused-command-line-argument]
icx: warning: -Xlinker /apps/SPACK/0.19.1/opt/linux-almalinux8-icelake/gcc-8.5.0/intel-oneapi-mpi-2021.10.0-ki6gcj4pr5rekayazvm4lsmvcyosce25/mpi/2021.10.0/lib: 'linker' input unused [-Wunused-command-line-argument]
icx: warning: -lmpifort: 'linker' input unused [-Wunused-command-line-argument]
icx: warning: -lmpi: 'linker' input unused [-Wunused-command-line-argument]
icx: warning: -ldl: 'linker' input unused [-Wunused-command-line-argument]
icx: warning: -lrt: 'linker' input unused [-Wunused-command-line-argument]
icx: warning: -lpthread: 'linker' input unused [-Wunused-command-line-argument]
icx: warning: argument unused during compilation: '-L/apps/SPACK/0.19.1/opt/linux-almalinux8-icelake/gcc-8.5.0/intel-oneapi-mpi-2021.10.0-ki6gcj4pr5rekayazvm4lsmvcyosce25/mpi/2021.10.0/lib/release' [-Wunused-command-line-argument]
icx: warning: argument unused during compilation: '-L/apps/SPACK/0.19.1/opt/linux-almalinux8-icelake/gcc-8.5.0/intel-oneapi-mpi-2021.10.0-ki6gcj4pr5rekayazvm4lsmvcyosce25/mpi/2021.10.0/lib' [-Wunused-command-line-argument]
icx: warning: -Xlinker --enable-new-dtags: 'linker' input unused [-Wunused-command-line-argument]
icx: warning: -Xlinker -rpath: 'linker' input unused [-Wunused-command-line-argument]
icx: warning: -Xlinker /apps/SPACK/0.19.1/opt/linux-almalinux8-icelake/gcc-8.5.0/intel-oneapi-mpi-2021.10.0-ki6gcj4pr5rekayazvm4lsmvcyosce25/mpi/2021.10.0/lib/release: 'linker' input unused [-Wunused-command-line-argument]
icx: warning: -Xlinker -rpath: 'linker' input unused [-Wunused-command-line-argument]
icx: warning: -Xlinker /apps/SPACK/0.19.1/opt/linux-almalinux8-icelake/gcc-8.5.0/intel-oneapi-mpi-2021.10.0-ki6gcj4pr5rekayazvm4lsmvcyosce25/mpi/2021.10.0/lib: 'linker' input unused [-Wunused-command-line-argument]
icx: warning: -lmpifort: 'linker' input unused [-Wunused-command-line-argument]
icx: warning: -lmpi: 'linker' input unused [-Wunused-command-line-argument]
icx: warning: -ldl: 'linker' input unused [-Wunused-command-line-argument]
icx: warning: -lrt: 'linker' input unused [-Wunused-command-line-argument]
icx: warning: -lpthread: 'linker' input unused [-Wunused-command-line-argument]
icx: warning: argument unused during compilation: '-L/apps/SPACK/0.19.1/opt/linux-almalinux8-icelake/gcc-8.5.0/intel-oneapi-mpi-2021.10.0-ki6gcj4pr5rekayazvm4lsmvcyosce25/mpi/2021.10.0/lib/release' [-Wunused-command-line-argument]
icx: warning: argument unused during compilation: '-L/apps/SPACK/0.19.1/opt/linux-almalinux8-icelake/gcc-8.5.0/intel-oneapi-mpi-2021.10.0-ki6gcj4pr5rekayazvm4lsmvcyosce25/mpi/2021.10.0/lib' [-Wunused-command-line-argument]
icx: warning: -Xlinker --enable-new-dtags: 'linker' input unused [-Wunused-command-line-argument]
icx: warning: -Xlinker -rpath: 'linker' input unused [-Wunused-command-line-argument]
icx: warning: -Xlinker /apps/SPACK/0.19.1/opt/linux-almalinux8-icelake/gcc-8.5.0/intel-oneapi-mpi-2021.10.0-ki6gcj4pr5rekayazvm4lsmvcyosce25/mpi/2021.10.0/lib/release: 'linker' input unused [-Wunused-command-line-argument]
icx: warning: -Xlinker -rpath: 'linker' input unused [-Wunused-command-line-argument]
icx: warning: -Xlinker /apps/SPACK/0.19.1/opt/linux-almalinux8-icelake/gcc-8.5.0/intel-oneapi-mpi-2021.10.0-ki6gcj4pr5rekayazvm4lsmvcyosce25/mpi/2021.10.0/lib: 'linker' input unused [-Wunused-command-line-argument]
icx: warning: -lmpifort: 'linker' input unused [-Wunused-command-line-argument]
icx: warning: -lmpi: 'linker' input unused [-Wunused-command-line-argument]
icx: warning: -ldl: 'linker' input unused [-Wunused-command-line-argument]
icx: warning: -lrt: 'linker' input unused [-Wunused-command-line-argument]
icx: warning: -lpthread: 'linker' input unused [-Wunused-command-line-argument]
icx: warning: argument unused during compilation: '-L/apps/SPACK/0.19.1/opt/linux-almalinux8-icelake/gcc-8.5.0/intel-oneapi-mpi-2021.10.0-ki6gcj4pr5rekayazvm4lsmvcyosce25/mpi/2021.10.0/lib/release' [-Wunused-command-line-argument]
icx: warning: argument unused during compilation: '-L/apps/SPACK/0.19.1/opt/linux-almalinux8-icelake/gcc-8.5.0/intel-oneapi-mpi-2021.10.0-ki6gcj4pr5rekayazvm4lsmvcyosce25/mpi/2021.10.0/lib' [-Wunused-command-line-argument]
