RANK 0: imaxLocal : 100, jmaxLocal : 100
Parameters:
Geometry data:
	Domain box size (x, y): 1.000000e+00, 1.000000e+00
	Cells (x, y): 100, 100
Iterative solver parameters:
	Max iterations: 1000000
	epsilon (stopping tolerance) : 1.000000e-06
	omega (SOR relaxation): 1.900000e+00
0 Residuum: 3.866141e+06
1 Residuum: 3.277795e+06
2 Residuum: 2.798919e+06
3 Residuum: 2.395157e+06
4 Residuum: 2.053272e+06
5 Residuum: 1.763264e+06
6 Residuum: 1.517209e+06
7 Residuum: 1.308532e+06
8 Residuum: 1.131609e+06
9 Residuum: 9.815661e+05
10 Residuum: 8.541816e+05
11 Residuum: 7.458257e+05
12 Residuum: 6.534044e+05
13 Residuum: 5.743041e+05
14 Residuum: 5.063332e+05
15 Residuum: 4.476649e+05
16 Residuum: 3.967838e+05
17 Residuum: 3.524372e+05
18 Residuum: 3.135927e+05
19 Residuum: 2.794014e+05
20 Residuum: 2.491668e+05
21 Residuum: 2.223177e+05
22 Residuum: 1.983859e+05
23 Residuum: 1.769869e+05
24 Residuum: 1.578043e+05
25 Residuum: 1.405762e+05
26 Residuum: 1.250841e+05
27 Residuum: 1.111444e+05
28 Residuum: 9.860107e+04
29 Residuum: 8.731970e+04
30 Residuum: 7.718315e+04
31 Residuum: 6.808789e+04
32 Residuum: 5.994128e+04
33 Residuum: 5.265953e+04
34 Residuum: 4.616606e+04
35 Residuum: 4.039039e+04
36 Residuum: 3.526728e+04
37 Residuum: 3.073614e+04
38 Residuum: 2.674060e+04
39 Residuum: 2.322820e+04
40 Residuum: 2.015017e+04
41 Residuum: 1.746129e+04
42 Residuum: 1.511974e+04
43 Residuum: 1.308697e+04
44 Residuum: 1.132761e+04
45 Residuum: 9.809369e+03
46 Residuum: 8.502866e+03
47 Residuum: 7.381532e+03
48 Residuum: 6.421453e+03
49 Residuum: 5.601217e+03
50 Residuum: 4.901757e+03
51 Residuum: 4.306182e+03
52 Residuum: 3.799612e+03
53 Residuum: 3.369004e+03
54 Residuum: 3.002995e+03
55 Residuum: 2.691731e+03
56 Residuum: 2.426717e+03
57 Residuum: 2.200667e+03
58 Residuum: 2.007366e+03
59 Residuum: 1.841536e+03
60 Residuum: 1.698723e+03
61 Residuum: 1.575184e+03
62 Residuum: 1.467785e+03
63 Residuum: 1.373920e+03
64 Residuum: 1.291423e+03
65 Residuum: 1.218507e+03
66 Residuum: 1.153696e+03
67 Residuum: 1.095777e+03
68 Residuum: 1.043752e+03
69 Residuum: 9.967993e+02
70 Residuum: 9.542436e+02
71 Residuum: 9.155253e+02
72 Residuum: 8.801797e+02
73 Residuum: 8.478178e+02
74 Residuum: 8.181112e+02
75 Residuum: 7.907799e+02
76 Residuum: 7.655827e+02
77 Residuum: 7.423093e+02
78 Residuum: 7.207742e+02
79 Residuum: 7.008126e+02
80 Residuum: 6.822764e+02
81 Residuum: 6.650316e+02
82 Residuum: 6.489566e+02
83 Residuum: 6.339403e+02
84 Residuum: 6.198813e+02
85 Residuum: 6.066867e+02
86 Residuum: 5.942719e+02
87 Residuum: 5.825595e+02
88 Residuum: 5.714794e+02
89 Residuum: 5.609679e+02
90 Residuum: 5.509676e+02
91 Residuum: 5.414269e+02
92 Residuum: 5.322997e+02
93 Residuum: 5.235446e+02
94 Residuum: 5.151254e+02
95 Residuum: 5.070096e+02
96 Residuum: 4.991689e+02
97 Residuum: 4.915783e+02
98 Residuum: 4.842160e+02
99 Residuum: 4.770628e+02
100 Residuum: 4.701021e+02
101 Residuum: 4.633204e+02
102 Residuum: 4.567060e+02
103 Residuum: 4.502479e+02
104 Residuum: 4.439361e+02
105 Residuum: 4.377616e+02
106 Residuum: 4.317160e+02
107 Residuum: 4.257918e+02
108 Residuum: 4.199821e+02
109 Residuum: 4.142807e+02
110 Residuum: 4.086817e+02
111 Residuum: 4.031799e+02
112 Residuum: 3.977706e+02
113 Residuum: 3.924494e+02
114 Residuum: 3.872125e+02
115 Residuum: 3.820562e+02
116 Residuum: 3.769773e+02
117 Residuum: 3.719730e+02
118 Residuum: 3.670405e+02
119 Residuum: 3.621775e+02
120 Residuum: 3.573817e+02
121 Residuum: 3.526512e+02
122 Residuum: 3.479841e+02
123 Residuum: 3.433788e+02
124 Residuum: 3.388337e+02
125 Residuum: 3.343474e+02
126 Residuum: 3.299186e+02
127 Residuum: 3.255461e+02
128 Residuum: 3.212288e+02
129 Residuum: 3.169656e+02
130 Residuum: 3.127555e+02
131 Residuum: 3.085977e+02
132 Residuum: 3.044913e+02
133 Residuum: 3.004355e+02
134 Residuum: 2.964295e+02
135 Residuum: 2.924726e+02
136 Residuum: 2.885642e+02
137 Residuum: 2.847035e+02
138 Residuum: 2.808900e+02
139 Residuum: 2.771231e+02
140 Residuum: 2.734022e+02
141 Residuum: 2.697268e+02
142 Residuum: 2.660963e+02
143 Residuum: 2.625103e+02
144 Residuum: 2.589682e+02
145 Residuum: 2.554695e+02
146 Residuum: 2.520137e+02
147 Residuum: 2.486005e+02
148 Residuum: 2.452294e+02
149 Residuum: 2.418998e+02
150 Residuum: 2.386115e+02
151 Residuum: 2.353639e+02
152 Residuum: 2.321566e+02
153 Residuum: 2.289892e+02
154 Residuum: 2.258613e+02
155 Residuum: 2.227726e+02
156 Residuum: 2.197225e+02
157 Residuum: 2.167107e+02
158 Residuum: 2.137369e+02
159 Residuum: 2.108005e+02
160 Residuum: 2.079013e+02
161 Residuum: 2.050389e+02
162 Residuum: 2.022128e+02
163 Residuum: 1.994226e+02
164 Residuum: 1.966681e+02
165 Residuum: 1.939489e+02
166 Residuum: 1.912645e+02
167 Residuum: 1.886145e+02
168 Residuum: 1.859988e+02
169 Residuum: 1.834168e+02
170 Residuum: 1.808682e+02
171 Residuum: 1.783526e+02
172 Residuum: 1.758698e+02
173 Residuum: 1.734192e+02
174 Residuum: 1.710007e+02
175 Residuum: 1.686138e+02
176 Residuum: 1.662581e+02
177 Residuum: 1.639334e+02
178 Residuum: 1.616393e+02
179 Residuum: 1.593754e+02
180 Residuum: 1.571415e+02
181 Residuum: 1.549371e+02
182 Residuum: 1.527619e+02
183 Residuum: 1.506156e+02
184 Residuum: 1.484979e+02
185 Residuum: 1.464084e+02
186 Residuum: 1.443468e+02
187 Residuum: 1.423128e+02
188 Residuum: 1.403061e+02
189 Residuum: 1.383263e+02
190 Residuum: 1.363731e+02
191 Residuum: 1.344462e+02
192 Residuum: 1.325453e+02
193 Residuum: 1.306701e+02
194 Residuum: 1.288203e+02
195 Residuum: 1.269955e+02
196 Residuum: 1.251955e+02
197 Residuum: 1.234199e+02
198 Residuum: 1.216685e+02
199 Residuum: 1.199410e+02
200 Residuum: 1.182371e+02
201 Residuum: 1.165564e+02
202 Residuum: 1.148987e+02
203 Residuum: 1.132638e+02
204 Residuum: 1.116512e+02
205 Residuum: 1.100609e+02
206 Residuum: 1.084923e+02
207 Residuum: 1.069454e+02
208 Residuum: 1.054198e+02
209 Residuum: 1.039153e+02
210 Residuum: 1.024315e+02
211 Residuum: 1.009682e+02
212 Residuum: 9.952525e+01
213 Residuum: 9.810225e+01
214 Residuum: 9.669900e+01
215 Residuum: 9.531523e+01
216 Residuum: 9.395070e+01
217 Residuum: 9.260516e+01
218 Residuum: 9.127835e+01
219 Residuum: 8.997005e+01
220 Residuum: 8.867999e+01
221 Residuum: 8.740796e+01
222 Residuum: 8.615370e+01
223 Residuum: 8.491699e+01
224 Residuum: 8.369760e+01
225 Residuum: 8.249530e+01
226 Residuum: 8.130986e+01
227 Residuum: 8.014106e+01
228 Residuum: 7.898867e+01
229 Residuum: 7.785249e+01
230 Residuum: 7.673229e+01
231 Residuum: 7.562786e+01
232 Residuum: 7.453900e+01
233 Residuum: 7.346548e+01
234 Residuum: 7.240711e+01
235 Residuum: 7.136368e+01
236 Residuum: 7.033500e+01
237 Residuum: 6.932085e+01
238 Residuum: 6.832105e+01
239 Residuum: 6.733541e+01
240 Residuum: 6.636372e+01
241 Residuum: 6.540580e+01
242 Residuum: 6.446147e+01
243 Residuum: 6.353054e+01
244 Residuum: 6.261282e+01
245 Residuum: 6.170814e+01
246 Residuum: 6.081632e+01
247 Residuum: 5.993717e+01
248 Residuum: 5.907054e+01
249 Residuum: 5.821624e+01
250 Residuum: 5.737411e+01
251 Residuum: 5.654398e+01
252 Residuum: 5.572568e+01
253 Residuum: 5.491905e+01
254 Residuum: 5.412393e+01
255 Residuum: 5.334017e+01
256 Residuum: 5.256760e+01
257 Residuum: 5.180606e+01
258 Residuum: 5.105541e+01
259 Residuum: 5.031550e+01
260 Residuum: 4.958617e+01
261 Residuum: 4.886728e+01
262 Residuum: 4.815869e+01
263 Residuum: 4.746024e+01
264 Residuum: 4.677180e+01
265 Residuum: 4.609323e+01
266 Residuum: 4.542439e+01
267 Residuum: 4.476515e+01
268 Residuum: 4.411536e+01
269 Residuum: 4.347491e+01
270 Residuum: 4.284365e+01
271 Residuum: 4.222146e+01
272 Residuum: 4.160821e+01
273 Residuum: 4.100377e+01
274 Residuum: 4.040803e+01
275 Residuum: 3.982085e+01
276 Residuum: 3.924213e+01
277 Residuum: 3.867173e+01
278 Residuum: 3.810954e+01
279 Residuum: 3.755545e+01
280 Residuum: 3.700934e+01
281 Residuum: 3.647110e+01
282 Residuum: 3.594062e+01
283 Residuum: 3.541779e+01
284 Residuum: 3.490249e+01
285 Residuum: 3.439463e+01
286 Residuum: 3.389410e+01
287 Residuum: 3.340079e+01
288 Residuum: 3.291460e+01
289 Residuum: 3.243543e+01
290 Residuum: 3.196318e+01
291 Residuum: 3.149775e+01
292 Residuum: 3.103905e+01
293 Residuum: 3.058698e+01
294 Residuum: 3.014144e+01
295 Residuum: 2.970234e+01
296 Residuum: 2.926960e+01
297 Residuum: 2.884311e+01
298 Residuum: 2.842280e+01
299 Residuum: 2.800856e+01
300 Residuum: 2.760033e+01
301 Residuum: 2.719800e+01
302 Residuum: 2.680150e+01
303 Residuum: 2.641074e+01
304 Residuum: 2.602564e+01
305 Residuum: 2.564611e+01
306 Residuum: 2.527209e+01
307 Residuum: 2.490349e+01
308 Residuum: 2.454024e+01
309 Residuum: 2.418224e+01
310 Residuum: 2.382944e+01
311 Residuum: 2.348176e+01
312 Residuum: 2.313912e+01
313 Residuum: 2.280145e+01
314 Residuum: 2.246868e+01
315 Residuum: 2.214074e+01
316 Residuum: 2.181756e+01
317 Residuum: 2.149907e+01
318 Residuum: 2.118521e+01
319 Residuum: 2.087590e+01
320 Residuum: 2.057108e+01
321 Residuum: 2.027070e+01
322 Residuum: 1.997467e+01
323 Residuum: 1.968295e+01
324 Residuum: 1.939547e+01
325 Residuum: 1.911216e+01
326 Residuum: 1.883298e+01
327 Residuum: 1.855785e+01
328 Residuum: 1.828672e+01
329 Residuum: 1.801953e+01
330 Residuum: 1.775623e+01
331 Residuum: 1.749676e+01
332 Residuum: 1.724107e+01
333 Residuum: 1.698909e+01
334 Residuum: 1.674078e+01
335 Residuum: 1.649608e+01
336 Residuum: 1.625495e+01
337 Residuum: 1.601732e+01
338 Residuum: 1.578315e+01
339 Residuum: 1.555240e+01
340 Residuum: 1.532500e+01
341 Residuum: 1.510091e+01
342 Residuum: 1.488009e+01
343 Residuum: 1.466248e+01
344 Residuum: 1.444804e+01
345 Residuum: 1.423673e+01
346 Residuum: 1.402849e+01
347 Residuum: 1.382329e+01
348 Residuum: 1.362108e+01
349 Residuum: 1.342182e+01
350 Residuum: 1.322546e+01
351 Residuum: 1.303196e+01
352 Residuum: 1.284128e+01
353 Residuum: 1.265339e+01
354 Residuum: 1.246823e+01
355 Residuum: 1.228577e+01
356 Residuum: 1.210597e+01
357 Residuum: 1.192880e+01
358 Residuum: 1.175421e+01
359 Residuum: 1.158216e+01
360 Residuum: 1.141263e+01
361 Residuum: 1.124557e+01
362 Residuum: 1.108095e+01
363 Residuum: 1.091872e+01
364 Residuum: 1.075887e+01
365 Residuum: 1.060135e+01
366 Residuum: 1.044613e+01
367 Residuum: 1.029317e+01
368 Residuum: 1.014245e+01
369 Residuum: 9.993922e+00
370 Residuum: 9.847567e+00
371 Residuum: 9.703348e+00
372 Residuum: 9.561235e+00
373 Residuum: 9.421198e+00
374 Residuum: 9.283205e+00
375 Residuum: 9.147228e+00
376 Residuum: 9.013237e+00
377 Residuum: 8.881203e+00
378 Residuum: 8.751098e+00
379 Residuum: 8.622893e+00
380 Residuum: 8.496561e+00
381 Residuum: 8.372075e+00
382 Residuum: 8.249408e+00
383 Residuum: 8.128534e+00
384 Residuum: 8.009426e+00
385 Residuum: 7.892058e+00
386 Residuum: 7.776406e+00
387 Residuum: 7.662445e+00
388 Residuum: 7.550149e+00
389 Residuum: 7.439494e+00
390 Residuum: 7.330458e+00
391 Residuum: 7.223015e+00
392 Residuum: 7.117143e+00
393 Residuum: 7.012819e+00
394 Residuum: 6.910021e+00
395 Residuum: 6.808726e+00
396 Residuum: 6.708912e+00
397 Residuum: 6.610558e+00
398 Residuum: 6.513642e+00
399 Residuum: 6.418144e+00
400 Residuum: 6.324043e+00
401 Residuum: 6.231319e+00
402 Residuum: 6.139950e+00
403 Residuum: 6.049919e+00
404 Residuum: 5.961204e+00
405 Residuum: 5.873788e+00
406 Residuum: 5.787651e+00
407 Residuum: 5.702774e+00
408 Residuum: 5.619139e+00
409 Residuum: 5.536728e+00
410 Residuum: 5.455523e+00
411 Residuum: 5.375507e+00
412 Residuum: 5.296661e+00
413 Residuum: 5.218970e+00
414 Residuum: 5.142416e+00
415 Residuum: 5.066983e+00
416 Residuum: 4.992653e+00
417 Residuum: 4.919412e+00
418 Residuum: 4.847244e+00
419 Residuum: 4.776132e+00
420 Residuum: 4.706061e+00
421 Residuum: 4.637016e+00
422 Residuum: 4.568982e+00
423 Residuum: 4.501944e+00
424 Residuum: 4.435888e+00
425 Residuum: 4.370800e+00
426 Residuum: 4.306664e+00
427 Residuum: 4.243469e+00
428 Residuum: 4.181198e+00
429 Residuum: 4.119840e+00
430 Residuum: 4.059380e+00
431 Residuum: 3.999807e+00
432 Residuum: 3.941106e+00
433 Residuum: 3.883264e+00
434 Residuum: 3.826271e+00
435 Residuum: 3.770112e+00
436 Residuum: 3.714776e+00
437 Residuum: 3.660251e+00
438 Residuum: 3.606524e+00
439 Residuum: 3.553586e+00
440 Residuum: 3.501422e+00
441 Residuum: 3.450024e+00
442 Residuum: 3.399378e+00
443 Residuum: 3.349475e+00
444 Residuum: 3.300303e+00
445 Residuum: 3.251851e+00
446 Residuum: 3.204110e+00
447 Residuum: 3.157069e+00
448 Residuum: 3.110717e+00
449 Residuum: 3.065045e+00
450 Residuum: 3.020042e+00
451 Residuum: 2.975699e+00
452 Residuum: 2.932006e+00
453 Residuum: 2.888953e+00
454 Residuum: 2.846532e+00
455 Residuum: 2.804733e+00
456 Residuum: 2.763546e+00
457 Residuum: 2.722964e+00
458 Residuum: 2.682976e+00
459 Residuum: 2.643575e+00
460 Residuum: 2.604752e+00
461 Residuum: 2.566498e+00
462 Residuum: 2.528805e+00
463 Residuum: 2.491665e+00
464 Residuum: 2.455069e+00
465 Residuum: 2.419011e+00
466 Residuum: 2.383481e+00
467 Residuum: 2.348472e+00
468 Residuum: 2.313977e+00
469 Residuum: 2.279987e+00
470 Residuum: 2.246496e+00
471 Residuum: 2.213497e+00
472 Residuum: 2.180982e+00
473 Residuum: 2.148943e+00
474 Residuum: 2.117375e+00
475 Residuum: 2.086270e+00
476 Residuum: 2.055621e+00
477 Residuum: 2.025422e+00
478 Residuum: 1.995665e+00
479 Residuum: 1.966346e+00
480 Residuum: 1.937457e+00
481 Residuum: 1.908991e+00
482 Residuum: 1.880943e+00
483 Residuum: 1.853307e+00
484 Residuum: 1.826077e+00
485 Residuum: 1.799246e+00
486 Residuum: 1.772808e+00
487 Residuum: 1.746759e+00
488 Residuum: 1.721092e+00
489 Residuum: 1.695802e+00
490 Residuum: 1.670883e+00
491 Residuum: 1.646330e+00
492 Residuum: 1.622137e+00
493 Residuum: 1.598299e+00
494 Residuum: 1.574811e+00
495 Residuum: 1.551668e+00
496 Residuum: 1.528864e+00
497 Residuum: 1.506395e+00
498 Residuum: 1.484257e+00
499 Residuum: 1.462443e+00
500 Residuum: 1.440949e+00
501 Residuum: 1.419771e+00
502 Residuum: 1.398904e+00
503 Residuum: 1.378343e+00
504 Residuum: 1.358084e+00
505 Residuum: 1.338123e+00
506 Residuum: 1.318454e+00
507 Residuum: 1.299075e+00
508 Residuum: 1.279980e+00
509 Residuum: 1.261165e+00
510 Residuum: 1.242626e+00
511 Residuum: 1.224360e+00
512 Residuum: 1.206362e+00
513 Residuum: 1.188629e+00
514 Residuum: 1.171156e+00
515 Residuum: 1.153939e+00
516 Residuum: 1.136975e+00
517 Residuum: 1.120260e+00
518 Residuum: 1.103791e+00
519 Residuum: 1.087564e+00
520 Residuum: 1.071575e+00
521 Residuum: 1.055821e+00
522 Residuum: 1.040298e+00
523 Residuum: 1.025004e+00
524 Residuum: 1.009933e+00
525 Residuum: 9.950848e-01
526 Residuum: 9.804542e-01
527 Residuum: 9.660385e-01
528 Residuum: 9.518346e-01
529 Residuum: 9.378393e-01
530 Residuum: 9.240496e-01
531 Residuum: 9.104625e-01
532 Residuum: 8.970750e-01
533 Residuum: 8.838842e-01
534 Residuum: 8.708872e-01
535 Residuum: 8.580811e-01
536 Residuum: 8.454632e-01
537 Residuum: 8.330306e-01
538 Residuum: 8.207807e-01
539 Residuum: 8.087108e-01
540 Residuum: 7.968182e-01
541 Residuum: 7.851004e-01
542 Residuum: 7.735548e-01
543 Residuum: 7.621788e-01
544 Residuum: 7.509699e-01
545 Residuum: 7.399258e-01
546 Residuum: 7.290439e-01
547 Residuum: 7.183220e-01
548 Residuum: 7.077576e-01
549 Residuum: 6.973485e-01
550 Residuum: 6.870923e-01
551 Residuum: 6.769868e-01
552 Residuum: 6.670299e-01
553 Residuum: 6.572193e-01
554 Residuum: 6.475529e-01
555 Residuum: 6.380285e-01
556 Residuum: 6.286441e-01
557 Residuum: 6.193977e-01
558 Residuum: 6.102871e-01
559 Residuum: 6.013105e-01
560 Residuum: 5.924658e-01
561 Residuum: 5.837510e-01
562 Residuum: 5.751644e-01
563 Residuum: 5.667040e-01
564 Residuum: 5.583680e-01
565 Residuum: 5.501544e-01
566 Residuum: 5.420617e-01
567 Residuum: 5.340878e-01
568 Residuum: 5.262312e-01
569 Residuum: 5.184901e-01
570 Residuum: 5.108628e-01
571 Residuum: 5.033476e-01
572 Residuum: 4.959429e-01
573 Residuum: 4.886470e-01
574 Residuum: 4.814584e-01
575 Residuum: 4.743755e-01
576 Residuum: 4.673967e-01
577 Residuum: 4.605205e-01
578 Residuum: 4.537454e-01
579 Residuum: 4.470699e-01
580 Residuum: 4.404926e-01
581 Residuum: 4.340119e-01
582 Residuum: 4.276266e-01
583 Residuum: 4.213351e-01
584 Residuum: 4.151361e-01
585 Residuum: 4.090283e-01
586 Residuum: 4.030103e-01
587 Residuum: 3.970808e-01
588 Residuum: 3.912384e-01
589 Residuum: 3.854820e-01
590 Residuum: 3.798102e-01
591 Residuum: 3.742218e-01
592 Residuum: 3.687156e-01
593 Residuum: 3.632904e-01
594 Residuum: 3.579449e-01
595 Residuum: 3.526781e-01
596 Residuum: 3.474887e-01
597 Residuum: 3.423756e-01
598 Residuum: 3.373377e-01
599 Residuum: 3.323739e-01
600 Residuum: 3.274831e-01
601 Residuum: 3.226642e-01
602 Residuum: 3.179162e-01
603 Residuum: 3.132380e-01
604 Residuum: 3.086286e-01
605 Residuum: 3.040870e-01
606 Residuum: 2.996122e-01
607 Residuum: 2.952032e-01
608 Residuum: 2.908591e-01
609 Residuum: 2.865788e-01
610 Residuum: 2.823615e-01
611 Residuum: 2.782063e-01
612 Residuum: 2.741121e-01
613 Residuum: 2.700782e-01
614 Residuum: 2.661036e-01
615 Residuum: 2.621875e-01
616 Residuum: 2.583289e-01
617 Residuum: 2.545271e-01
618 Residuum: 2.507813e-01
619 Residuum: 2.470905e-01
620 Residuum: 2.434541e-01
621 Residuum: 2.398711e-01
622 Residuum: 2.363408e-01
623 Residuum: 2.328625e-01
624 Residuum: 2.294353e-01
625 Residuum: 2.260586e-01
626 Residuum: 2.227315e-01
627 Residuum: 2.194534e-01
628 Residuum: 2.162234e-01
629 Residuum: 2.130410e-01
630 Residuum: 2.099055e-01
631 Residuum: 2.068160e-01
632 Residuum: 2.037720e-01
633 Residuum: 2.007728e-01
634 Residuum: 1.978177e-01
635 Residuum: 1.949061e-01
636 Residuum: 1.920373e-01
637 Residuum: 1.892107e-01
638 Residuum: 1.864257e-01
639 Residuum: 1.836817e-01
640 Residuum: 1.809781e-01
641 Residuum: 1.783142e-01
642 Residuum: 1.756895e-01
643 Residuum: 1.731035e-01
644 Residuum: 1.705554e-01
645 Residuum: 1.680449e-01
646 Residuum: 1.655713e-01
647 Residuum: 1.631342e-01
648 Residuum: 1.607328e-01
649 Residuum: 1.583668e-01
650 Residuum: 1.560357e-01
651 Residuum: 1.537388e-01
652 Residuum: 1.514757e-01
653 Residuum: 1.492459e-01
654 Residuum: 1.470489e-01
655 Residuum: 1.448843e-01
656 Residuum: 1.427515e-01
657 Residuum: 1.406501e-01
658 Residuum: 1.385796e-01
659 Residuum: 1.365396e-01
660 Residuum: 1.345296e-01
661 Residuum: 1.325492e-01
662 Residuum: 1.305979e-01
663 Residuum: 1.286753e-01
664 Residuum: 1.267811e-01
665 Residuum: 1.249147e-01
666 Residuum: 1.230757e-01
667 Residuum: 1.212639e-01
668 Residuum: 1.194786e-01
669 Residuum: 1.177197e-01
670 Residuum: 1.159867e-01
671 Residuum: 1.142791e-01
672 Residuum: 1.125967e-01
673 Residuum: 1.109391e-01
674 Residuum: 1.093058e-01
675 Residuum: 1.076966e-01
676 Residuum: 1.061110e-01
677 Residuum: 1.045488e-01
678 Residuum: 1.030096e-01
679 Residuum: 1.014930e-01
680 Residuum: 9.999881e-02
681 Residuum: 9.852656e-02
682 Residuum: 9.707598e-02
683 Residuum: 9.564675e-02
684 Residuum: 9.423855e-02
685 Residuum: 9.285108e-02
686 Residuum: 9.148403e-02
687 Residuum: 9.013710e-02
688 Residuum: 8.881000e-02
689 Residuum: 8.750243e-02
690 Residuum: 8.621410e-02
691 Residuum: 8.494474e-02
692 Residuum: 8.369406e-02
693 Residuum: 8.246179e-02
694 Residuum: 8.124766e-02
695 Residuum: 8.005140e-02
696 Residuum: 7.887274e-02
697 Residuum: 7.771144e-02
698 Residuum: 7.656722e-02
699 Residuum: 7.543985e-02
700 Residuum: 7.432908e-02
701 Residuum: 7.323465e-02
702 Residuum: 7.215634e-02
703 Residuum: 7.109390e-02
704 Residuum: 7.004709e-02
705 Residuum: 6.901570e-02
706 Residuum: 6.799949e-02
707 Residuum: 6.699823e-02
708 Residuum: 6.601172e-02
709 Residuum: 6.503972e-02
710 Residuum: 6.408204e-02
711 Residuum: 6.313845e-02
712 Residuum: 6.220876e-02
713 Residuum: 6.129274e-02
714 Residuum: 6.039022e-02
715 Residuum: 5.950098e-02
716 Residuum: 5.862483e-02
717 Residuum: 5.776157e-02
718 Residuum: 5.691103e-02
719 Residuum: 5.607301e-02
720 Residuum: 5.524732e-02
721 Residuum: 5.443379e-02
722 Residuum: 5.363223e-02
723 Residuum: 5.284248e-02
724 Residuum: 5.206435e-02
725 Residuum: 5.129768e-02
726 Residuum: 5.054229e-02
727 Residuum: 4.979803e-02
728 Residuum: 4.906472e-02
729 Residuum: 4.834220e-02
730 Residuum: 4.763033e-02
731 Residuum: 4.692893e-02
732 Residuum: 4.623786e-02
733 Residuum: 4.555697e-02
734 Residuum: 4.488610e-02
735 Residuum: 4.422511e-02
736 Residuum: 4.357384e-02
737 Residuum: 4.293217e-02
738 Residuum: 4.229994e-02
739 Residuum: 4.167702e-02
740 Residuum: 4.106328e-02
741 Residuum: 4.045856e-02
742 Residuum: 3.986276e-02
743 Residuum: 3.927572e-02
744 Residuum: 3.869733e-02
745 Residuum: 3.812745e-02
746 Residuum: 3.756596e-02
747 Residuum: 3.701274e-02
748 Residuum: 3.646767e-02
749 Residuum: 3.593062e-02
750 Residuum: 3.540148e-02
751 Residuum: 3.488013e-02
752 Residuum: 3.436645e-02
753 Residuum: 3.386034e-02
754 Residuum: 3.336168e-02
755 Residuum: 3.287036e-02
756 Residuum: 3.238628e-02
757 Residuum: 3.190933e-02
758 Residuum: 3.143939e-02
759 Residuum: 3.097638e-02
760 Residuum: 3.052018e-02
761 Residuum: 3.007070e-02
762 Residuum: 2.962784e-02
763 Residuum: 2.919150e-02
764 Residuum: 2.876159e-02
765 Residuum: 2.833801e-02
766 Residuum: 2.792066e-02
767 Residuum: 2.750946e-02
768 Residuum: 2.710431e-02
769 Residuum: 2.670513e-02
770 Residuum: 2.631182e-02
771 Residuum: 2.592431e-02
772 Residuum: 2.554250e-02
773 Residuum: 2.516632e-02
774 Residuum: 2.479568e-02
775 Residuum: 2.443049e-02
776 Residuum: 2.407068e-02
777 Residuum: 2.371617e-02
778 Residuum: 2.336688e-02
779 Residuum: 2.302273e-02
780 Residuum: 2.268365e-02
781 Residuum: 2.234956e-02
782 Residuum: 2.202040e-02
783 Residuum: 2.169608e-02
784 Residuum: 2.137653e-02
785 Residuum: 2.106169e-02
786 Residuum: 2.075149e-02
787 Residuum: 2.044586e-02
788 Residuum: 2.014472e-02
789 Residuum: 1.984802e-02
790 Residuum: 1.955569e-02
791 Residuum: 1.926767e-02
792 Residuum: 1.898388e-02
793 Residuum: 1.870428e-02
794 Residuum: 1.842879e-02
795 Residuum: 1.815736e-02
796 Residuum: 1.788993e-02
797 Residuum: 1.762643e-02
798 Residuum: 1.736682e-02
799 Residuum: 1.711103e-02
800 Residuum: 1.685900e-02
801 Residuum: 1.661069e-02
802 Residuum: 1.636603e-02
803 Residuum: 1.612498e-02
804 Residuum: 1.588748e-02
805 Residuum: 1.565347e-02
806 Residuum: 1.542291e-02
807 Residuum: 1.519575e-02
808 Residuum: 1.497193e-02
809 Residuum: 1.475141e-02
810 Residuum: 1.453413e-02
811 Residuum: 1.432006e-02
812 Residuum: 1.410913e-02
813 Residuum: 1.390132e-02
814 Residuum: 1.369656e-02
815 Residuum: 1.349482e-02
816 Residuum: 1.329605e-02
817 Residuum: 1.310021e-02
818 Residuum: 1.290725e-02
819 Residuum: 1.271714e-02
820 Residuum: 1.252982e-02
821 Residuum: 1.234526e-02
822 Residuum: 1.216343e-02
823 Residuum: 1.198426e-02
824 Residuum: 1.180774e-02
825 Residuum: 1.163382e-02
826 Residuum: 1.146246e-02
827 Residuum: 1.129362e-02
828 Residuum: 1.112727e-02
829 Residuum: 1.096337e-02
830 Residuum: 1.080188e-02
831 Residuum: 1.064277e-02
832 Residuum: 1.048601e-02
833 Residuum: 1.033155e-02
834 Residuum: 1.017937e-02
835 Residuum: 1.002943e-02
836 Residuum: 9.881696e-03
837 Residuum: 9.736140e-03
838 Residuum: 9.592727e-03
839 Residuum: 9.451427e-03
840 Residuum: 9.312208e-03
841 Residuum: 9.175039e-03
842 Residuum: 9.039891e-03
843 Residuum: 8.906733e-03
844 Residuum: 8.775536e-03
845 Residuum: 8.646271e-03
846 Residuum: 8.518911e-03
847 Residuum: 8.393426e-03
848 Residuum: 8.269789e-03
849 Residuum: 8.147974e-03
850 Residuum: 8.027952e-03
851 Residuum: 7.909698e-03
852 Residuum: 7.793187e-03
853 Residuum: 7.678391e-03
854 Residuum: 7.565285e-03
855 Residuum: 7.453846e-03
856 Residuum: 7.344048e-03
857 Residuum: 7.235868e-03
858 Residuum: 7.129280e-03
859 Residuum: 7.024263e-03
860 Residuum: 6.920792e-03
861 Residuum: 6.818846e-03
862 Residuum: 6.718401e-03
863 Residuum: 6.619435e-03
864 Residuum: 6.521927e-03
865 Residuum: 6.425856e-03
866 Residuum: 6.331199e-03
867 Residuum: 6.237936e-03
868 Residuum: 6.146048e-03
869 Residuum: 6.055512e-03
870 Residuum: 5.966311e-03
871 Residuum: 5.878423e-03
872 Residuum: 5.791829e-03
873 Residuum: 5.706511e-03
874 Residuum: 5.622450e-03
875 Residuum: 5.539627e-03
876 Residuum: 5.458024e-03
877 Residuum: 5.377622e-03
878 Residuum: 5.298406e-03
879 Residuum: 5.220355e-03
880 Residuum: 5.143455e-03
881 Residuum: 5.067687e-03
882 Residuum: 4.993035e-03
883 Residuum: 4.919483e-03
884 Residuum: 4.847015e-03
885 Residuum: 4.775613e-03
886 Residuum: 4.705264e-03
887 Residuum: 4.635950e-03
888 Residuum: 4.567658e-03
889 Residuum: 4.500371e-03
890 Residuum: 4.434076e-03
891 Residuum: 4.368757e-03
892 Residuum: 4.304401e-03
893 Residuum: 4.240992e-03
894 Residuum: 4.178517e-03
895 Residuum: 4.116963e-03
896 Residuum: 4.056315e-03
897 Residuum: 3.996560e-03
898 Residuum: 3.937686e-03
899 Residuum: 3.879679e-03
900 Residuum: 3.822527e-03
901 Residuum: 3.766216e-03
902 Residuum: 3.710735e-03
903 Residuum: 3.656071e-03
904 Residuum: 3.602212e-03
905 Residuum: 3.549146e-03
906 Residuum: 3.496863e-03
907 Residuum: 3.445349e-03
908 Residuum: 3.394594e-03
909 Residuum: 3.344587e-03
910 Residuum: 3.295316e-03
911 Residuum: 3.246772e-03
912 Residuum: 3.198942e-03
913 Residuum: 3.151817e-03
914 Residuum: 3.105386e-03
915 Residuum: 3.059639e-03
916 Residuum: 3.014566e-03
917 Residuum: 2.970156e-03
918 Residuum: 2.926401e-03
919 Residuum: 2.883291e-03
920 Residuum: 2.840815e-03
921 Residuum: 2.798965e-03
922 Residuum: 2.757732e-03
923 Residuum: 2.717106e-03
924 Residuum: 2.677079e-03
925 Residuum: 2.637641e-03
926 Residuum: 2.598784e-03
927 Residuum: 2.560499e-03
928 Residuum: 2.522779e-03
929 Residuum: 2.485614e-03
930 Residuum: 2.448997e-03
931 Residuum: 2.412919e-03
932 Residuum: 2.377372e-03
933 Residuum: 2.342349e-03
934 Residuum: 2.307842e-03
935 Residuum: 2.273843e-03
936 Residuum: 2.240345e-03
937 Residuum: 2.207341e-03
938 Residuum: 2.174823e-03
939 Residuum: 2.142784e-03
940 Residuum: 2.111216e-03
941 Residuum: 2.080114e-03
942 Residuum: 2.049470e-03
943 Residuum: 2.019277e-03
944 Residuum: 1.989530e-03
945 Residuum: 1.960220e-03
946 Residuum: 1.931342e-03
947 Residuum: 1.902889e-03
948 Residuum: 1.874856e-03
949 Residuum: 1.847236e-03
950 Residuum: 1.820022e-03
951 Residuum: 1.793210e-03
952 Residuum: 1.766792e-03
953 Residuum: 1.740763e-03
954 Residuum: 1.715118e-03
955 Residuum: 1.689851e-03
956 Residuum: 1.664956e-03
957 Residuum: 1.640428e-03
958 Residuum: 1.616261e-03
959 Residuum: 1.592450e-03
960 Residuum: 1.568990e-03
961 Residuum: 1.545875e-03
962 Residuum: 1.523101e-03
963 Residuum: 1.500662e-03
964 Residuum: 1.478554e-03
965 Residuum: 1.456772e-03
966 Residuum: 1.435311e-03
967 Residuum: 1.414165e-03
968 Residuum: 1.393331e-03
969 Residuum: 1.372805e-03
970 Residuum: 1.352580e-03
971 Residuum: 1.332653e-03
972 Residuum: 1.313020e-03
973 Residuum: 1.293677e-03
974 Residuum: 1.274618e-03
975 Residuum: 1.255840e-03
976 Residuum: 1.237338e-03
977 Residuum: 1.219109e-03
978 Residuum: 1.201149e-03
979 Residuum: 1.183453e-03
980 Residuum: 1.166018e-03
981 Residuum: 1.148840e-03
982 Residuum: 1.131915e-03
983 Residuum: 1.115239e-03
984 Residuum: 1.098809e-03
985 Residuum: 1.082621e-03
986 Residuum: 1.066671e-03
987 Residuum: 1.050956e-03
988 Residuum: 1.035473e-03
989 Residuum: 1.020218e-03
990 Residuum: 1.005188e-03
991 Residuum: 9.903790e-04
992 Residuum: 9.757883e-04
993 Residuum: 9.614125e-04
994 Residuum: 9.472485e-04
995 Residuum: 9.332931e-04
996 Residuum: 9.195434e-04
997 Residuum: 9.059962e-04
998 Residuum: 8.926485e-04
999 Residuum: 8.794975e-04
1000 Residuum: 8.665403e-04
1001 Residuum: 8.537739e-04
1002 Residuum: 8.411956e-04
1003 Residuum: 8.288026e-04
1004 Residuum: 8.165922e-04
1005 Residuum: 8.045617e-04
1006 Residuum: 7.927084e-04
1007 Residuum: 7.810297e-04
1008 Residuum: 7.695231e-04
1009 Residuum: 7.581860e-04
1010 Residuum: 7.470159e-04
1011 Residuum: 7.360104e-04
1012 Residuum: 7.251670e-04
1013 Residuum: 7.144833e-04
1014 Residuum: 7.039571e-04
1015 Residuum: 6.935859e-04
1016 Residuum: 6.833675e-04
1017 Residuum: 6.732996e-04
1018 Residuum: 6.633801e-04
1019 Residuum: 6.536067e-04
1020 Residuum: 6.439773e-04
1021 Residuum: 6.344897e-04
1022 Residuum: 6.251420e-04
1023 Residuum: 6.159319e-04
1024 Residuum: 6.068575e-04
1025 Residuum: 5.979168e-04
1026 Residuum: 5.891079e-04
1027 Residuum: 5.804286e-04
1028 Residuum: 5.718773e-04
1029 Residuum: 5.634520e-04
1030 Residuum: 5.551507e-04
1031 Residuum: 5.469718e-04
1032 Residuum: 5.389134e-04
1033 Residuum: 5.309736e-04
1034 Residuum: 5.231509e-04
1035 Residuum: 5.154434e-04
1036 Residuum: 5.078494e-04
1037 Residuum: 5.003673e-04
1038 Residuum: 4.929955e-04
1039 Residuum: 4.857323e-04
1040 Residuum: 4.785760e-04
1041 Residuum: 4.715252e-04
1042 Residuum: 4.645783e-04
1043 Residuum: 4.577337e-04
1044 Residuum: 4.509899e-04
1045 Residuum: 4.443455e-04
1046 Residuum: 4.377990e-04
1047 Residuum: 4.313490e-04
1048 Residuum: 4.249939e-04
1049 Residuum: 4.187325e-04
1050 Residuum: 4.125634e-04
1051 Residuum: 4.064851e-04
1052 Residuum: 4.004963e-04
1053 Residuum: 3.945958e-04
1054 Residuum: 3.887823e-04
1055 Residuum: 3.830543e-04
1056 Residuum: 3.774108e-04
1057 Residuum: 3.718504e-04
1058 Residuum: 3.663719e-04
1059 Residuum: 3.609742e-04
1060 Residuum: 3.556559e-04
1061 Residuum: 3.504161e-04
1062 Residuum: 3.452534e-04
1063 Residuum: 3.401667e-04
1064 Residuum: 3.351550e-04
1065 Residuum: 3.302172e-04
1066 Residuum: 3.253521e-04
1067 Residuum: 3.205587e-04
1068 Residuum: 3.158358e-04
1069 Residuum: 3.111826e-04
1070 Residuum: 3.065979e-04
1071 Residuum: 3.020808e-04
1072 Residuum: 2.976302e-04
1073 Residuum: 2.932452e-04
1074 Residuum: 2.889248e-04
1075 Residuum: 2.846680e-04
1076 Residuum: 2.804740e-04
1077 Residuum: 2.763417e-04
1078 Residuum: 2.722704e-04
1079 Residuum: 2.682590e-04
1080 Residuum: 2.643067e-04
1081 Residuum: 2.604126e-04
1082 Residuum: 2.565759e-04
1083 Residuum: 2.527957e-04
1084 Residuum: 2.490713e-04
1085 Residuum: 2.454017e-04
1086 Residuum: 2.417861e-04
1087 Residuum: 2.382238e-04
1088 Residuum: 2.347140e-04
1089 Residuum: 2.312560e-04
1090 Residuum: 2.278488e-04
1091 Residuum: 2.244919e-04
1092 Residuum: 2.211844e-04
1093 Residuum: 2.179256e-04
1094 Residuum: 2.147149e-04
1095 Residuum: 2.115515e-04
1096 Residuum: 2.084346e-04
1097 Residuum: 2.053637e-04
1098 Residuum: 2.023380e-04
1099 Residuum: 1.993569e-04
1100 Residuum: 1.964198e-04
1101 Residuum: 1.935259e-04
1102 Residuum: 1.906746e-04
1103 Residuum: 1.878654e-04
1104 Residuum: 1.850975e-04
1105 Residuum: 1.823704e-04
1106 Residuum: 1.796835e-04
1107 Residuum: 1.770362e-04
1108 Residuum: 1.744278e-04
1109 Residuum: 1.718579e-04
1110 Residuum: 1.693259e-04
1111 Residuum: 1.668312e-04
1112 Residuum: 1.643732e-04
1113 Residuum: 1.619515e-04
1114 Residuum: 1.595654e-04
1115 Residuum: 1.572145e-04
1116 Residuum: 1.548982e-04
1117 Residuum: 1.526160e-04
1118 Residuum: 1.503675e-04
1119 Residuum: 1.481521e-04
1120 Residuum: 1.459693e-04
1121 Residuum: 1.438187e-04
1122 Residuum: 1.416997e-04
1123 Residuum: 1.396120e-04
1124 Residuum: 1.375551e-04
1125 Residuum: 1.355284e-04
1126 Residuum: 1.335316e-04
1127 Residuum: 1.315643e-04
1128 Residuum: 1.296259e-04
1129 Residuum: 1.277161e-04
1130 Residuum: 1.258344e-04
1131 Residuum: 1.239804e-04
1132 Residuum: 1.221538e-04
1133 Residuum: 1.203540e-04
1134 Residuum: 1.185808e-04
1135 Residuum: 1.168337e-04
1136 Residuum: 1.151124e-04
1137 Residuum: 1.134164e-04
1138 Residuum: 1.117454e-04
1139 Residuum: 1.100990e-04
1140 Residuum: 1.084768e-04
1141 Residuum: 1.068786e-04
1142 Residuum: 1.053039e-04
1143 Residuum: 1.037524e-04
1144 Residuum: 1.022238e-04
1145 Residuum: 1.007177e-04
1146 Residuum: 9.923377e-05
1147 Residuum: 9.777172e-05
1148 Residuum: 9.633121e-05
1149 Residuum: 9.491192e-05
1150 Residuum: 9.351354e-05
1151 Residuum: 9.213576e-05
1152 Residuum: 9.077829e-05
1153 Residuum: 8.944081e-05
1154 Residuum: 8.812304e-05
1155 Residuum: 8.682468e-05
1156 Residuum: 8.554545e-05
1157 Residuum: 8.428507e-05
1158 Residuum: 8.304326e-05
1159 Residuum: 8.181975e-05
1160 Residuum: 8.061426e-05
1161 Residuum: 7.942653e-05
1162 Residuum: 7.825630e-05
1163 Residuum: 7.710331e-05
1164 Residuum: 7.596731e-05
1165 Residuum: 7.484805e-05
1166 Residuum: 7.374528e-05
1167 Residuum: 7.265875e-05
1168 Residuum: 7.158823e-05
1169 Residuum: 7.053349e-05
1170 Residuum: 6.949428e-05
1171 Residuum: 6.847039e-05
1172 Residuum: 6.746158e-05
1173 Residuum: 6.646763e-05
1174 Residuum: 6.548833e-05
1175 Residuum: 6.452346e-05
1176 Residuum: 6.357280e-05
1177 Residuum: 6.263615e-05
1178 Residuum: 6.171330e-05
1179 Residuum: 6.080404e-05
1180 Residuum: 5.990818e-05
1181 Residuum: 5.902552e-05
1182 Residuum: 5.815587e-05
1183 Residuum: 5.729903e-05
1184 Residuum: 5.645481e-05
1185 Residuum: 5.562303e-05
1186 Residuum: 5.480351e-05
1187 Residuum: 5.399606e-05
1188 Residuum: 5.320050e-05
1189 Residuum: 5.241667e-05
1190 Residuum: 5.164439e-05
1191 Residuum: 5.088348e-05
1192 Residuum: 5.013379e-05
1193 Residuum: 4.939514e-05
1194 Residuum: 4.866737e-05
1195 Residuum: 4.795032e-05
1196 Residuum: 4.724385e-05
1197 Residuum: 4.654777e-05
1198 Residuum: 4.586196e-05
1199 Residuum: 4.518625e-05
1200 Residuum: 4.452049e-05
1201 Residuum: 4.386455e-05
1202 Residuum: 4.321826e-05
1203 Residuum: 4.258150e-05
1204 Residuum: 4.195413e-05
1205 Residuum: 4.133599e-05
1206 Residuum: 4.072696e-05
1207 Residuum: 4.012691e-05
1208 Residuum: 3.953569e-05
1209 Residuum: 3.895319e-05
1210 Residuum: 3.837927e-05
1211 Residuum: 3.781380e-05
1212 Residuum: 3.725667e-05
1213 Residuum: 3.670774e-05
1214 Residuum: 3.616691e-05
1215 Residuum: 3.563404e-05
1216 Residuum: 3.510902e-05
1217 Residuum: 3.459174e-05
1218 Residuum: 3.408207e-05
1219 Residuum: 3.357992e-05
1220 Residuum: 3.308517e-05
1221 Residuum: 3.259770e-05
1222 Residuum: 3.211742e-05
1223 Residuum: 3.164421e-05
1224 Residuum: 3.117798e-05
1225 Residuum: 3.071861e-05
1226 Residuum: 3.026602e-05
1227 Residuum: 2.982009e-05
1228 Residuum: 2.938073e-05
1229 Residuum: 2.894784e-05
1230 Residuum: 2.852134e-05
1231 Residuum: 2.810111e-05
1232 Residuum: 2.768708e-05
1233 Residuum: 2.727915e-05
1234 Residuum: 2.687723e-05
1235 Residuum: 2.648123e-05
1236 Residuum: 2.609106e-05
1237 Residuum: 2.570664e-05
1238 Residuum: 2.532789e-05
1239 Residuum: 2.495472e-05
1240 Residuum: 2.458704e-05
1241 Residuum: 2.422479e-05
1242 Residuum: 2.386787e-05
1243 Residuum: 2.351621e-05
1244 Residuum: 2.316972e-05
1245 Residuum: 2.282835e-05
1246 Residuum: 2.249200e-05
1247 Residuum: 2.216061e-05
1248 Residuum: 2.183411e-05
1249 Residuum: 2.151241e-05
1250 Residuum: 2.119545e-05
1251 Residuum: 2.088317e-05
1252 Residuum: 2.057548e-05
1253 Residuum: 2.027233e-05
1254 Residuum: 1.997364e-05
1255 Residuum: 1.967935e-05
1256 Residuum: 1.938940e-05
1257 Residuum: 1.910373e-05
1258 Residuum: 1.882226e-05
1259 Residuum: 1.854494e-05
1260 Residuum: 1.827170e-05
1261 Residuum: 1.800249e-05
1262 Residuum: 1.773725e-05
1263 Residuum: 1.747591e-05
1264 Residuum: 1.721843e-05
1265 Residuum: 1.696474e-05
1266 Residuum: 1.671478e-05
1267 Residuum: 1.646851e-05
1268 Residuum: 1.622587e-05
1269 Residuum: 1.598680e-05
1270 Residuum: 1.575126e-05
1271 Residuum: 1.551918e-05
1272 Residuum: 1.529053e-05
1273 Residuum: 1.506524e-05
1274 Residuum: 1.484327e-05
1275 Residuum: 1.462458e-05
1276 Residuum: 1.440910e-05
1277 Residuum: 1.419680e-05
1278 Residuum: 1.398763e-05
1279 Residuum: 1.378154e-05
1280 Residuum: 1.357849e-05
1281 Residuum: 1.337842e-05
1282 Residuum: 1.318131e-05
1283 Residuum: 1.298710e-05
1284 Residuum: 1.279575e-05
1285 Residuum: 1.260722e-05
1286 Residuum: 1.242147e-05
1287 Residuum: 1.223846e-05
1288 Residuum: 1.205814e-05
1289 Residuum: 1.188048e-05
1290 Residuum: 1.170543e-05
1291 Residuum: 1.153297e-05
1292 Residuum: 1.136304e-05
1293 Residuum: 1.119562e-05
1294 Residuum: 1.103067e-05
1295 Residuum: 1.086815e-05
1296 Residuum: 1.070802e-05
1297 Residuum: 1.055025e-05
1298 Residuum: 1.039480e-05
1299 Residuum: 1.024165e-05
1300 Residuum: 1.009075e-05
1301 Residuum: 9.942075e-06
1302 Residuum: 9.795591e-06
1303 Residuum: 9.651265e-06
1304 Residuum: 9.509065e-06
1305 Residuum: 9.368961e-06
1306 Residuum: 9.230921e-06
1307 Residuum: 9.094914e-06
1308 Residuum: 8.960912e-06
1309 Residuum: 8.828884e-06
1310 Residuum: 8.698801e-06
1311 Residuum: 8.570635e-06
1312 Residuum: 8.444357e-06
1313 Residuum: 8.319940e-06
1314 Residuum: 8.197356e-06
1315 Residuum: 8.076577e-06
1316 Residuum: 7.957579e-06
1317 Residuum: 7.840334e-06
1318 Residuum: 7.724816e-06
1319 Residuum: 7.611000e-06
1320 Residuum: 7.498861e-06
1321 Residuum: 7.388374e-06
1322 Residuum: 7.279516e-06
1323 Residuum: 7.172261e-06
1324 Residuum: 7.066586e-06
1325 Residuum: 6.962469e-06
1326 Residuum: 6.859885e-06
1327 Residuum: 6.758813e-06
1328 Residuum: 6.659230e-06
1329 Residuum: 6.561114e-06
1330 Residuum: 6.464444e-06
1331 Residuum: 6.369198e-06
1332 Residuum: 6.275356e-06
1333 Residuum: 6.182896e-06
1334 Residuum: 6.091798e-06
1335 Residuum: 6.002043e-06
1336 Residuum: 5.913610e-06
1337 Residuum: 5.826480e-06
1338 Residuum: 5.740634e-06
1339 Residuum: 5.656052e-06
1340 Residuum: 5.572717e-06
1341 Residuum: 5.490610e-06
1342 Residuum: 5.409712e-06
1343 Residuum: 5.330006e-06
1344 Residuum: 5.251475e-06
1345 Residuum: 5.174101e-06
1346 Residuum: 5.097866e-06
1347 Residuum: 5.022755e-06
1348 Residuum: 4.948751e-06
1349 Residuum: 4.875837e-06
1350 Residuum: 4.803997e-06
1351 Residuum: 4.733216e-06
1352 Residuum: 4.663478e-06
1353 Residuum: 4.594767e-06
1354 Residuum: 4.527068e-06
1355 Residuum: 4.460367e-06
1356 Residuum: 4.394649e-06
1357 Residuum: 4.329899e-06
1358 Residuum: 4.266103e-06
1359 Residuum: 4.203247e-06
1360 Residuum: 4.141317e-06
1361 Residuum: 4.080300e-06
1362 Residuum: 4.020181e-06
1363 Residuum: 3.960949e-06
1364 Residuum: 3.902589e-06
1365 Residuum: 3.845088e-06
1366 Residuum: 3.788436e-06
1367 Residuum: 3.732617e-06
1368 Residuum: 3.677622e-06
1369 Residuum: 3.623436e-06
1370 Residuum: 3.570049e-06
1371 Residuum: 3.517448e-06
1372 Residuum: 3.465623e-06
1373 Residuum: 3.414561e-06
1374 Residuum: 3.364251e-06
1375 Residuum: 3.314683e-06
1376 Residuum: 3.265845e-06
1377 Residuum: 3.217727e-06
1378 Residuum: 3.170317e-06
1379 Residuum: 3.123606e-06
1380 Residuum: 3.077583e-06
1381 Residuum: 3.032239e-06
1382 Residuum: 2.987562e-06
1383 Residuum: 2.943544e-06
1384 Residuum: 2.900174e-06
1385 Residuum: 2.857444e-06
1386 Residuum: 2.815342e-06
1387 Residuum: 2.773862e-06
1388 Residuum: 2.732992e-06
1389 Residuum: 2.692724e-06
1390 Residuum: 2.653050e-06
1391 Residuum: 2.613960e-06
1392 Residuum: 2.575447e-06
1393 Residuum: 2.537501e-06
1394 Residuum: 2.500113e-06
1395 Residuum: 2.463277e-06
1396 Residuum: 2.426983e-06
1397 Residuum: 2.391225e-06
1398 Residuum: 2.355993e-06
1399 Residuum: 2.321280e-06
1400 Residuum: 2.287078e-06
1401 Residuum: 2.253381e-06
1402 Residuum: 2.220180e-06
1403 Residuum: 2.187468e-06
1404 Residuum: 2.155238e-06
1405 Residuum: 2.123483e-06
1406 Residuum: 2.092196e-06
1407 Residuum: 2.061370e-06
1408 Residuum: 2.030998e-06
1409 Residuum: 2.001074e-06
1410 Residuum: 1.971590e-06
1411 Residuum: 1.942541e-06
1412 Residuum: 1.913920e-06
1413 Residuum: 1.885720e-06
1414 Residuum: 1.857936e-06
1415 Residuum: 1.830562e-06
1416 Residuum: 1.803590e-06
1417 Residuum: 1.777017e-06
1418 Residuum: 1.750834e-06
1419 Residuum: 1.725038e-06
1420 Residuum: 1.699621e-06
1421 Residuum: 1.674579e-06
1422 Residuum: 1.649906e-06
1423 Residuum: 1.625597e-06
1424 Residuum: 1.601645e-06
1425 Residuum: 1.578047e-06
1426 Residuum: 1.554796e-06
1427 Residuum: 1.531888e-06
1428 Residuum: 1.509317e-06
1429 Residuum: 1.487079e-06
1430 Residuum: 1.465169e-06
1431 Residuum: 1.443581e-06
1432 Residuum: 1.422312e-06
1433 Residuum: 1.401355e-06
1434 Residuum: 1.380708e-06
1435 Residuum: 1.360365e-06
1436 Residuum: 1.340321e-06
1437 Residuum: 1.320573e-06
1438 Residuum: 1.301116e-06
1439 Residuum: 1.281946e-06
1440 Residuum: 1.263058e-06
1441 Residuum: 1.244448e-06
1442 Residuum: 1.226112e-06
1443 Residuum: 1.208047e-06
1444 Residuum: 1.190248e-06
1445 Residuum: 1.172711e-06
1446 Residuum: 1.155432e-06
1447 Residuum: 1.138408e-06
1448 Residuum: 1.121635e-06
1449 Residuum: 1.105109e-06
1450 Residuum: 1.088826e-06
1451 Residuum: 1.072784e-06
1452 Residuum: 1.056977e-06
1453 Residuum: 1.041404e-06
1454 Residuum: 1.026060e-06
1455 Residuum: 1.010942e-06
1456 Residuum: 9.960471e-07
1457 Residuum: 9.813714e-07
1458 Residuum: 9.669120e-07
1459 Residuum: 9.526656e-07
1460 Residuum: 9.386292e-07
1461 Residuum: 9.247995e-07
1462 Residuum: 9.111736e-07
1463 Residuum: 8.977485e-07
1464 Residuum: 8.845211e-07
1465 Residuum: 8.714887e-07
1466 Residuum: 8.586483e-07
1467 Residuum: 8.459970e-07
1468 Residuum: 8.335322e-07
1469 Residuum: 8.212510e-07
1470 Residuum: 8.091508e-07
1471 Residuum: 7.972289e-07
1472 Residuum: 7.854826e-07
1473 Residuum: 7.739093e-07
1474 Residuum: 7.625066e-07
1475 Residuum: 7.512719e-07
1476 Residuum: 7.402028e-07
1477 Residuum: 7.292967e-07
1478 Residuum: 7.185513e-07
1479 Residuum: 7.079643e-07
1480 Residuum: 6.975332e-07
1481 Residuum: 6.872558e-07
1482 Residuum: 6.771298e-07
1483 Residuum: 6.671531e-07
1484 Residuum: 6.573233e-07
1485 Residuum: 6.476384e-07
1486 Residuum: 6.380961e-07
1487 Residuum: 6.286945e-07
1488 Residuum: 6.194313e-07
1489 Residuum: 6.103047e-07
1490 Residuum: 6.013125e-07
1491 Residuum: 5.924529e-07
1492 Residuum: 5.837237e-07
1493 Residuum: 5.751232e-07
1494 Residuum: 5.666494e-07
1495 Residuum: 5.583004e-07
1496 Residuum: 5.500745e-07
1497 Residuum: 5.419697e-07
1498 Residuum: 5.339844e-07
1499 Residuum: 5.261167e-07
1500 Residuum: 5.183649e-07
1501 Residuum: 5.107274e-07
1502 Residuum: 5.032024e-07
1503 Residuum: 4.957883e-07
1504 Residuum: 4.884834e-07
1505 Residuum: 4.812861e-07
1506 Residuum: 4.741949e-07
1507 Residuum: 4.672081e-07
1508 Residuum: 4.603243e-07
1509 Residuum: 4.535419e-07
1510 Residuum: 4.468595e-07
1511 Residuum: 4.402755e-07
1512 Residuum: 4.337885e-07
1513 Residuum: 4.273971e-07
1514 Residuum: 4.210999e-07
1515 Residuum: 4.148954e-07
1516 Residuum: 4.087824e-07
1517 Residuum: 4.027594e-07
1518 Residuum: 3.968252e-07
1519 Residuum: 3.909784e-07
1520 Residuum: 3.852178e-07
1521 Residuum: 3.795420e-07
1522 Residuum: 3.739499e-07
1523 Residuum: 3.684401e-07
1524 Residuum: 3.630116e-07
1525 Residuum: 3.576630e-07
1526 Residuum: 3.523932e-07
1527 Residuum: 3.472011e-07
1528 Residuum: 3.420854e-07
1529 Residuum: 3.370452e-07
1530 Residuum: 3.320792e-07
1531 Residuum: 3.271864e-07
1532 Residuum: 3.223656e-07
1533 Residuum: 3.176159e-07
1534 Residuum: 3.129362e-07
1535 Residuum: 3.083254e-07
1536 Residuum: 3.037826e-07
1537 Residuum: 2.993067e-07
1538 Residuum: 2.948967e-07
1539 Residuum: 2.905517e-07
1540 Residuum: 2.862707e-07
1541 Residuum: 2.820528e-07
1542 Residuum: 2.778971e-07
1543 Residuum: 2.738026e-07
1544 Residuum: 2.697684e-07
1545 Residuum: 2.657937e-07
1546 Residuum: 2.618775e-07
1547 Residuum: 2.580190e-07
1548 Residuum: 2.542174e-07
1549 Residuum: 2.504717e-07
1550 Residuum: 2.467813e-07
1551 Residuum: 2.431453e-07
1552 Residuum: 2.395628e-07
1553 Residuum: 2.360331e-07
1554 Residuum: 2.325554e-07
1555 Residuum: 2.291289e-07
1556 Residuum: 2.257530e-07
1557 Residuum: 2.224267e-07
1558 Residuum: 2.191495e-07
1559 Residuum: 2.159206e-07
1560 Residuum: 2.127392e-07
1561 Residuum: 2.096047e-07
1562 Residuum: 2.065164e-07
1563 Residuum: 2.034736e-07
1564 Residuum: 2.004757e-07
1565 Residuum: 1.975219e-07
1566 Residuum: 1.946116e-07
1567 Residuum: 1.917442e-07
1568 Residuum: 1.889191e-07
1569 Residuum: 1.861355e-07
1570 Residuum: 1.833930e-07
1571 Residuum: 1.806909e-07
1572 Residuum: 1.780286e-07
1573 Residuum: 1.754056e-07
1574 Residuum: 1.728212e-07
1575 Residuum: 1.702748e-07
1576 Residuum: 1.677660e-07
1577 Residuum: 1.652942e-07
1578 Residuum: 1.628587e-07
1579 Residuum: 1.604592e-07
1580 Residuum: 1.580950e-07
1581 Residuum: 1.557656e-07
1582 Residuum: 1.534706e-07
1583 Residuum: 1.512094e-07
1584 Residuum: 1.489815e-07
1585 Residuum: 1.467864e-07
1586 Residuum: 1.446236e-07
1587 Residuum: 1.424928e-07
1588 Residuum: 1.403933e-07
1589 Residuum: 1.383247e-07
1590 Residuum: 1.362867e-07
1591 Residuum: 1.342786e-07
1592 Residuum: 1.323002e-07
1593 Residuum: 1.303509e-07
1594 Residuum: 1.284303e-07
1595 Residuum: 1.265380e-07
1596 Residuum: 1.246736e-07
1597 Residuum: 1.228367e-07
1598 Residuum: 1.210268e-07
1599 Residuum: 1.192436e-07
1600 Residuum: 1.174867e-07
1601 Residuum: 1.157556e-07
1602 Residuum: 1.140501e-07
1603 Residuum: 1.123697e-07
1604 Residuum: 1.107140e-07
1605 Residuum: 1.090828e-07
1606 Residuum: 1.074756e-07
1607 Residuum: 1.058920e-07
1608 Residuum: 1.043318e-07
1609 Residuum: 1.027946e-07
1610 Residuum: 1.012800e-07
1611 Residuum: 9.978779e-08
1612 Residuum: 9.831752e-08
1613 Residuum: 9.686892e-08
1614 Residuum: 9.544165e-08
1615 Residuum: 9.403542e-08
1616 Residuum: 9.264991e-08
1617 Residuum: 9.128481e-08
1618 Residuum: 8.993983e-08
1619 Residuum: 8.861466e-08
1620 Residuum: 8.730902e-08
1621 Residuum: 8.602261e-08
1622 Residuum: 8.475516e-08
1623 Residuum: 8.350638e-08
1624 Residuum: 8.227601e-08
1625 Residuum: 8.106376e-08
1626 Residuum: 7.986937e-08
1627 Residuum: 7.869258e-08
1628 Residuum: 7.753313e-08
1629 Residuum: 7.639076e-08
1630 Residuum: 7.526522e-08
1631 Residuum: 7.415627e-08
1632 Residuum: 7.306365e-08
1633 Residuum: 7.198714e-08
1634 Residuum: 7.092648e-08
1635 Residuum: 6.988146e-08
1636 Residuum: 6.885183e-08
1637 Residuum: 6.783737e-08
1638 Residuum: 6.683786e-08
1639 Residuum: 6.585307e-08
1640 Residuum: 6.488280e-08
1641 Residuum: 6.392682e-08
1642 Residuum: 6.298492e-08
1643 Residuum: 6.205691e-08
1644 Residuum: 6.114256e-08
1645 Residuum: 6.024169e-08
1646 Residuum: 5.935410e-08
1647 Residuum: 5.847958e-08
1648 Residuum: 5.761794e-08
1649 Residuum: 5.676900e-08
1650 Residuum: 5.593257e-08
1651 Residuum: 5.510846e-08
1652 Residuum: 5.429650e-08
1653 Residuum: 5.349650e-08
1654 Residuum: 5.270828e-08
1655 Residuum: 5.193168e-08
1656 Residuum: 5.116652e-08
1657 Residuum: 5.041264e-08
1658 Residuum: 4.966986e-08
1659 Residuum: 4.893803e-08
1660 Residuum: 4.821698e-08
1661 Residuum: 4.750655e-08
1662 Residuum: 4.680659e-08
1663 Residuum: 4.611695e-08
1664 Residuum: 4.543746e-08
1665 Residuum: 4.476799e-08
1666 Residuum: 4.410838e-08
1667 Residuum: 4.345849e-08
1668 Residuum: 4.281818e-08
1669 Residuum: 4.218729e-08
1670 Residuum: 4.156571e-08
1671 Residuum: 4.095328e-08
1672 Residuum: 4.034988e-08
1673 Residuum: 3.975537e-08
1674 Residuum: 3.916961e-08
1675 Residuum: 3.859249e-08
1676 Residuum: 3.802387e-08
1677 Residuum: 3.746363e-08
1678 Residuum: 3.691164e-08
1679 Residuum: 3.636779e-08
1680 Residuum: 3.583195e-08
1681 Residuum: 3.530400e-08
1682 Residuum: 3.478383e-08
1683 Residuum: 3.427133e-08
1684 Residuum: 3.376638e-08
1685 Residuum: 3.326887e-08
1686 Residuum: 3.277868e-08
1687 Residuum: 3.229573e-08
1688 Residuum: 3.181988e-08
1689 Residuum: 3.135105e-08
1690 Residuum: 3.088912e-08
1691 Residuum: 3.043401e-08
1692 Residuum: 2.998559e-08
1693 Residuum: 2.954379e-08
1694 Residuum: 2.910849e-08
1695 Residuum: 2.867961e-08
1696 Residuum: 2.825704e-08
1697 Residuum: 2.784071e-08
1698 Residuum: 2.743050e-08
1699 Residuum: 2.702634e-08
1700 Residuum: 2.662814e-08
1701 Residuum: 2.623580e-08
1702 Residuum: 2.584924e-08
1703 Residuum: 2.546838e-08
1704 Residuum: 2.509313e-08
1705 Residuum: 2.472341e-08
1706 Residuum: 2.435914e-08
1707 Residuum: 2.400023e-08
1708 Residuum: 2.364661e-08
1709 Residuum: 2.329821e-08
1710 Residuum: 2.295493e-08
1711 Residuum: 2.261671e-08
1712 Residuum: 2.228348e-08
1713 Residuum: 2.195516e-08
1714 Residuum: 2.163167e-08
1715 Residuum: 2.131295e-08
1716 Residuum: 2.099893e-08
1717 Residuum: 2.068953e-08
1718 Residuum: 2.038469e-08
1719 Residuum: 2.008434e-08
1720 Residuum: 1.978842e-08
1721 Residuum: 1.949686e-08
1722 Residuum: 1.920959e-08
1723 Residuum: 1.892656e-08
1724 Residuum: 1.864770e-08
1725 Residuum: 1.837294e-08
1726 Residuum: 1.810224e-08
1727 Residuum: 1.783552e-08
1728 Residuum: 1.757273e-08
1729 Residuum: 1.731382e-08
1730 Residuum: 1.705872e-08
1731 Residuum: 1.680737e-08
1732 Residuum: 1.655974e-08
1733 Residuum: 1.631574e-08
1734 Residuum: 1.607535e-08
1735 Residuum: 1.583850e-08
1736 Residuum: 1.560513e-08
1737 Residuum: 1.537521e-08
1738 Residuum: 1.514867e-08
1739 Residuum: 1.492547e-08
1740 Residuum: 1.470556e-08
1741 Residuum: 1.448889e-08
1742 Residuum: 1.427541e-08
1743 Residuum: 1.406508e-08
1744 Residuum: 1.385784e-08
1745 Residuum: 1.365366e-08
1746 Residuum: 1.345249e-08
1747 Residuum: 1.325428e-08
1748 Residuum: 1.305899e-08
1749 Residuum: 1.286658e-08
1750 Residuum: 1.267701e-08
1751 Residuum: 1.249022e-08
1752 Residuum: 1.230619e-08
1753 Residuum: 1.212487e-08
1754 Residuum: 1.194623e-08
1755 Residuum: 1.177021e-08
1756 Residuum: 1.159679e-08
1757 Residuum: 1.142592e-08
1758 Residuum: 1.125757e-08
1759 Residuum: 1.109171e-08
1760 Residuum: 1.092828e-08
1761 Residuum: 1.076726e-08
1762 Residuum: 1.060862e-08
1763 Residuum: 1.045231e-08
1764 Residuum: 1.029831e-08
1765 Residuum: 1.014657e-08
1766 Residuum: 9.997076e-09
1767 Residuum: 9.849779e-09
1768 Residuum: 9.704653e-09
1769 Residuum: 9.561665e-09
1770 Residuum: 9.420784e-09
1771 Residuum: 9.281979e-09
1772 Residuum: 9.145218e-09
1773 Residuum: 9.010473e-09
1774 Residuum: 8.877713e-09
1775 Residuum: 8.746909e-09
1776 Residuum: 8.618033e-09
1777 Residuum: 8.491055e-09
1778 Residuum: 8.365948e-09
1779 Residuum: 8.242685e-09
1780 Residuum: 8.121238e-09
1781 Residuum: 8.001580e-09
1782 Residuum: 7.883685e-09
1783 Residuum: 7.767527e-09
1784 Residuum: 7.653080e-09
1785 Residuum: 7.540320e-09
1786 Residuum: 7.429222e-09
1787 Residuum: 7.319760e-09
1788 Residuum: 7.211911e-09
1789 Residuum: 7.105651e-09
1790 Residuum: 7.000956e-09
1791 Residuum: 6.897805e-09
1792 Residuum: 6.796173e-09
1793 Residuum: 6.696038e-09
1794 Residuum: 6.597379e-09
1795 Residuum: 6.500174e-09
1796 Residuum: 6.404400e-09
1797 Residuum: 6.310038e-09
1798 Residuum: 6.217066e-09
1799 Residuum: 6.125464e-09
1800 Residuum: 6.035212e-09
1801 Residuum: 5.946290e-09
1802 Residuum: 5.858677e-09
1803 Residuum: 5.772356e-09
1804 Residuum: 5.687306e-09
1805 Residuum: 5.603510e-09
1806 Residuum: 5.520948e-09
1807 Residuum: 5.439602e-09
1808 Residuum: 5.359455e-09
1809 Residuum: 5.280490e-09
1810 Residuum: 5.202687e-09
1811 Residuum: 5.126031e-09
1812 Residuum: 5.050504e-09
1813 Residuum: 4.976090e-09
1814 Residuum: 4.902773e-09
1815 Residuum: 4.830536e-09
1816 Residuum: 4.759363e-09
1817 Residuum: 4.689238e-09
1818 Residuum: 4.620147e-09
1819 Residuum: 4.552074e-09
1820 Residuum: 4.485004e-09
1821 Residuum: 4.418922e-09
1822 Residuum: 4.353814e-09
1823 Residuum: 4.289665e-09
1824 Residuum: 4.226462e-09
1825 Residuum: 4.164189e-09
1826 Residuum: 4.102834e-09
1827 Residuum: 4.042383e-09
1828 Residuum: 3.982823e-09
1829 Residuum: 3.924140e-09
1830 Residuum: 3.866322e-09
1831 Residuum: 3.809356e-09
1832 Residuum: 3.753229e-09
1833 Residuum: 3.697929e-09
1834 Residuum: 3.643444e-09
1835 Residuum: 3.589761e-09
1836 Residuum: 3.536870e-09
1837 Residuum: 3.484758e-09
1838 Residuum: 3.433414e-09
1839 Residuum: 3.382826e-09
1840 Residuum: 3.332984e-09
1841 Residuum: 3.283876e-09
1842 Residuum: 3.235491e-09
1843 Residuum: 3.187819e-09
1844 Residuum: 3.140850e-09
1845 Residuum: 3.094573e-09
1846 Residuum: 3.048978e-09
1847 Residuum: 3.004054e-09
1848 Residuum: 2.959793e-09
1849 Residuum: 2.916183e-09
1850 Residuum: 2.873216e-09
1851 Residuum: 2.830882e-09
1852 Residuum: 2.789172e-09
1853 Residuum: 2.748077e-09
1854 Residuum: 2.707587e-09
1855 Residuum: 2.667693e-09
1856 Residuum: 2.628388e-09
1857 Residuum: 2.589661e-09
1858 Residuum: 2.551505e-09
1859 Residuum: 2.513911e-09
1860 Residuum: 2.476871e-09
1861 Residuum: 2.440377e-09
1862 Residuum: 2.404421e-09
1863 Residuum: 2.368994e-09
1864 Residuum: 2.334090e-09
1865 Residuum: 2.299699e-09
1866 Residuum: 2.265816e-09
1867 Residuum: 2.232431e-09
1868 Residuum: 2.199539e-09
1869 Residuum: 2.167131e-09
1870 Residuum: 2.135200e-09
1871 Residuum: 2.103740e-09
1872 Residuum: 2.072744e-09
1873 Residuum: 2.042204e-09
1874 Residuum: 2.012114e-09
1875 Residuum: 1.982468e-09
1876 Residuum: 1.953258e-09
1877 Residuum: 1.924479e-09
1878 Residuum: 1.896124e-09
1879 Residuum: 1.868187e-09
1880 Residuum: 1.840661e-09
1881 Residuum: 1.813541e-09
1882 Residuum: 1.786820e-09
1883 Residuum: 1.760493e-09
1884 Residuum: 1.734554e-09
1885 Residuum: 1.708997e-09
1886 Residuum: 1.683817e-09
1887 Residuum: 1.659008e-09
1888 Residuum: 1.634564e-09
1889 Residuum: 1.610480e-09
1890 Residuum: 1.586752e-09
1891 Residuum: 1.563372e-09
1892 Residuum: 1.540338e-09
1893 Residuum: 1.517642e-09
1894 Residuum: 1.495282e-09
1895 Residuum: 1.473250e-09
1896 Residuum: 1.451543e-09
1897 Residuum: 1.430156e-09
1898 Residuum: 1.409085e-09
1899 Residuum: 1.388323e-09
1900 Residuum: 1.367868e-09
1901 Residuum: 1.347714e-09
1902 Residuum: 1.327856e-09
1903 Residuum: 1.308292e-09
1904 Residuum: 1.289015e-09
1905 Residuum: 1.270023e-09
1906 Residuum: 1.251311e-09
1907 Residuum: 1.232874e-09
1908 Residuum: 1.214709e-09
1909 Residuum: 1.196811e-09
1910 Residuum: 1.179178e-09
1911 Residuum: 1.161804e-09
1912 Residuum: 1.144686e-09
1913 Residuum: 1.127820e-09
1914 Residuum: 1.111203e-09
1915 Residuum: 1.094830e-09
1916 Residuum: 1.078699e-09
1917 Residuum: 1.062806e-09
1918 Residuum: 1.047146e-09
1919 Residuum: 1.031718e-09
1920 Residuum: 1.016516e-09
1921 Residuum: 1.001539e-09
1922 Residuum: 9.867824e-10
1923 Residuum: 9.722432e-10
1924 Residuum: 9.579182e-10
1925 Residuum: 9.438042e-10
1926 Residuum: 9.298983e-10
1927 Residuum: 9.161972e-10
1928 Residuum: 9.026980e-10
1929 Residuum: 8.893977e-10
1930 Residuum: 8.762933e-10
1931 Residuum: 8.633820e-10
1932 Residuum: 8.506610e-10
1933 Residuum: 8.381274e-10
1934 Residuum: 8.257785e-10
1935 Residuum: 8.136115e-10
1936 Residuum: 8.016238e-10
1937 Residuum: 7.898127e-10
1938 Residuum: 7.781756e-10
1939 Residuum: 7.667100e-10
1940 Residuum: 7.554133e-10
1941 Residuum: 7.442831e-10
1942 Residuum: 7.333169e-10
1943 Residuum: 7.225122e-10
1944 Residuum: 7.118667e-10
1945 Residuum: 7.013781e-10
1946 Residuum: 6.910440e-10
1947 Residuum: 6.808622e-10
1948 Residuum: 6.708304e-10
1949 Residuum: 6.609464e-10
1950 Residuum: 6.512081e-10
1951 Residuum: 6.416132e-10
1952 Residuum: 6.321597e-10
1953 Residuum: 6.228455e-10
1954 Residuum: 6.136685e-10
1955 Residuum: 6.046267e-10
1956 Residuum: 5.957182e-10
1957 Residuum: 5.869409e-10
1958 Residuum: 5.782929e-10
1959 Residuum: 5.697724e-10
1960 Residuum: 5.613774e-10
1961 Residuum: 5.531061e-10
1962 Residuum: 5.449566e-10
1963 Residuum: 5.369273e-10
1964 Residuum: 5.290162e-10
1965 Residuum: 5.212217e-10
1966 Residuum: 5.135420e-10
1967 Residuum: 5.059755e-10
1968 Residuum: 4.985205e-10
1969 Residuum: 4.911753e-10
1970 Residuum: 4.839384e-10
1971 Residuum: 4.768080e-10
1972 Residuum: 4.697828e-10
1973 Residuum: 4.628610e-10
1974 Residuum: 4.560412e-10
1975 Residuum: 4.493219e-10
1976 Residuum: 4.427017e-10
1977 Residuum: 4.361789e-10
1978 Residuum: 4.297523e-10
1979 Residuum: 4.234203e-10
1980 Residuum: 4.171817e-10
1981 Residuum: 4.110349e-10
1982 Residuum: 4.049787e-10
1983 Residuum: 3.990118e-10
1984 Residuum: 3.931328e-10
1985 Residuum: 3.873404e-10
1986 Residuum: 3.816333e-10
1987 Residuum: 3.760103e-10
1988 Residuum: 3.704702e-10
1989 Residuum: 3.650117e-10
1990 Residuum: 3.596337e-10
1991 Residuum: 3.543348e-10
1992 Residuum: 3.491141e-10
1993 Residuum: 3.439703e-10
1994 Residuum: 3.389022e-10
1995 Residuum: 3.339088e-10
1996 Residuum: 3.289890e-10
1997 Residuum: 3.241417e-10
1998 Residuum: 3.193658e-10
1999 Residuum: 3.146603e-10
2000 Residuum: 3.100241e-10
2001 Residuum: 3.054562e-10
2002 Residuum: 3.009557e-10
2003 Residuum: 2.965214e-10
2004 Residuum: 2.921524e-10
2005 Residuum: 2.878479e-10
2006 Residuum: 2.836067e-10
2007 Residuum: 2.794281e-10
2008 Residuum: 2.753110e-10
2009 Residuum: 2.712546e-10
2010 Residuum: 2.672579e-10
2011 Residuum: 2.633202e-10
2012 Residuum: 2.594404e-10
2013 Residuum: 2.556178e-10
2014 Residuum: 2.518516e-10
2015 Residuum: 2.481408e-10
2016 Residuum: 2.444847e-10
2017 Residuum: 2.408825e-10
2018 Residuum: 2.373333e-10
2019 Residuum: 2.338365e-10
2020 Residuum: 2.303911e-10
2021 Residuum: 2.269966e-10
2022 Residuum: 2.236520e-10
2023 Residuum: 2.203567e-10
2024 Residuum: 2.171100e-10
2025 Residuum: 2.139111e-10
2026 Residuum: 2.107593e-10
2027 Residuum: 2.076540e-10
2028 Residuum: 2.045945e-10
2029 Residuum: 2.015800e-10
2030 Residuum: 1.986099e-10
2031 Residuum: 1.956836e-10
2032 Residuum: 1.928004e-10
2033 Residuum: 1.899597e-10
2034 Residuum: 1.871608e-10
2035 Residuum: 1.844032e-10
2036 Residuum: 1.816862e-10
2037 Residuum: 1.790093e-10
2038 Residuum: 1.763717e-10
2039 Residuum: 1.737731e-10
2040 Residuum: 1.712127e-10
2041 Residuum: 1.686901e-10
2042 Residuum: 1.662046e-10
2043 Residuum: 1.637558e-10
2044 Residuum: 1.613430e-10
2045 Residuum: 1.589658e-10
2046 Residuum: 1.566236e-10
2047 Residuum: 1.543159e-10
2048 Residuum: 1.520422e-10
2049 Residuum: 1.498020e-10
2050 Residuum: 1.475948e-10
2051 Residuum: 1.454202e-10
2052 Residuum: 1.432776e-10
2053 Residuum: 1.411665e-10
2054 Residuum: 1.390866e-10
2055 Residuum: 1.370373e-10
2056 Residuum: 1.350182e-10
2057 Residuum: 1.330288e-10
2058 Residuum: 1.310688e-10
2059 Residuum: 1.291376e-10
2060 Residuum: 1.272349e-10
2061 Residuum: 1.253602e-10
2062 Residuum: 1.235132e-10
2063 Residuum: 1.216933e-10
2064 Residuum: 1.199003e-10
2065 Residuum: 1.181337e-10
2066 Residuum: 1.163931e-10
2067 Residuum: 1.146782e-10
2068 Residuum: 1.129885e-10
2069 Residuum: 1.113238e-10
2070 Residuum: 1.096835e-10
2071 Residuum: 1.080675e-10
2072 Residuum: 1.064752e-10
2073 Residuum: 1.049064e-10
2074 Residuum: 1.033607e-10
2075 Residuum: 1.018378e-10
2076 Residuum: 1.003373e-10
2077 Residuum: 9.885896e-11
2078 Residuum: 9.740237e-11
2079 Residuum: 9.596725e-11
2080 Residuum: 9.455327e-11
2081 Residuum: 9.316013e-11
2082 Residuum: 9.178751e-11
2083 Residuum: 9.043512e-11
2084 Residuum: 8.910265e-11
2085 Residuum: 8.778981e-11
2086 Residuum: 8.649632e-11
2087 Residuum: 8.522189e-11
2088 Residuum: 8.396623e-11
2089 Residuum: 8.272908e-11
2090 Residuum: 8.151015e-11
2091 Residuum: 8.030918e-11
2092 Residuum: 7.912591e-11
2093 Residuum: 7.796007e-11
2094 Residuum: 7.681141e-11
2095 Residuum: 7.567968e-11
2096 Residuum: 7.456461e-11
2097 Residuum: 7.346598e-11
2098 Residuum: 7.238354e-11
2099 Residuum: 7.131704e-11
2100 Residuum: 7.026626e-11
2101 Residuum: 6.923096e-11
2102 Residuum: 6.821091e-11
2103 Residuum: 6.720589e-11
2104 Residuum: 6.621569e-11
2105 Residuum: 6.524007e-11
2106 Residuum: 6.427882e-11
2107 Residuum: 6.333174e-11
2108 Residuum: 6.239861e-11
2109 Residuum: 6.147923e-11
2110 Residuum: 6.057340e-11
2111 Residuum: 5.968092e-11
2112 Residuum: 5.880158e-11
2113 Residuum: 5.793520e-11
2114 Residuum: 5.708158e-11
2115 Residuum: 5.624055e-11
2116 Residuum: 5.541190e-11
2117 Residuum: 5.459546e-11
2118 Residuum: 5.379106e-11
2119 Residuum: 5.299850e-11
2120 Residuum: 5.221762e-11
2121 Residuum: 5.144825e-11
2122 Residuum: 5.069021e-11
2123 Residuum: 4.994335e-11
2124 Residuum: 4.920748e-11
2125 Residuum: 4.848246e-11
2126 Residuum: 4.776812e-11
2127 Residuum: 4.706431e-11
2128 Residuum: 4.637087e-11
2129 Residuum: 4.568764e-11
2130 Residuum: 4.501448e-11
2131 Residuum: 4.435124e-11
2132 Residuum: 4.369777e-11
2133 Residuum: 4.305393e-11
2134 Residuum: 4.241957e-11
2135 Residuum: 4.179456e-11
2136 Residuum: 4.117876e-11
2137 Residuum: 4.057204e-11
2138 Residuum: 3.997425e-11
2139 Residuum: 3.938527e-11
2140 Residuum: 3.880497e-11
2141 Residuum: 3.823322e-11
2142 Residuum: 3.766989e-11
2143 Residuum: 3.711487e-11
2144 Residuum: 3.656802e-11
2145 Residuum: 3.602923e-11
2146 Residuum: 3.549837e-11
2147 Residuum: 3.497534e-11
2148 Residuum: 3.446002e-11
2149 Residuum: 3.395228e-11
2150 Residuum: 3.345203e-11
2151 Residuum: 3.295915e-11
2152 Residuum: 3.247353e-11
2153 Residuum: 3.199507e-11
2154 Residuum: 3.152365e-11
2155 Residuum: 3.105919e-11
2156 Residuum: 3.060156e-11
2157 Residuum: 3.015068e-11
2158 Residuum: 2.970644e-11
2159 Residuum: 2.926875e-11
2160 Residuum: 2.883750e-11
2161 Residuum: 2.841261e-11
2162 Residuum: 2.799398e-11
2163 Residuum: 2.758152e-11
2164 Residuum: 2.717513e-11
2165 Residuum: 2.677474e-11
2166 Residuum: 2.638024e-11
2167 Residuum: 2.599155e-11
2168 Residuum: 2.560859e-11
2169 Residuum: 2.523128e-11
2170 Residuum: 2.485952e-11
2171 Residuum: 2.449324e-11
2172 Residuum: 2.413236e-11
2173 Residuum: 2.377679e-11
2174 Residuum: 2.342647e-11
2175 Residuum: 2.308130e-11
2176 Residuum: 2.274122e-11
2177 Residuum: 2.240616e-11
2178 Residuum: 2.207602e-11
2179 Residuum: 2.175076e-11
2180 Residuum: 2.143028e-11
2181 Residuum: 2.111453e-11
2182 Residuum: 2.080343e-11
2183 Residuum: 2.049691e-11
2184 Residuum: 2.019491e-11
2185 Residuum: 1.989736e-11
2186 Residuum: 1.960419e-11
2187 Residuum: 1.931535e-11
2188 Residuum: 1.903075e-11
2189 Residuum: 1.875036e-11
2190 Residuum: 1.847409e-11
2191 Residuum: 1.820189e-11
2192 Residuum: 1.793371e-11
2193 Residuum: 1.766947e-11
2194 Residuum: 1.740913e-11
2195 Residuum: 1.715262e-11
2196 Residuum: 1.689990e-11
2197 Residuum: 1.665090e-11
2198 Residuum: 1.640556e-11
2199 Residuum: 1.616384e-11
2200 Residuum: 1.592569e-11
2201 Residuum: 1.569104e-11
2202 Residuum: 1.545985e-11
2203 Residuum: 1.523206e-11
2204 Residuum: 1.500763e-11
2205 Residuum: 1.478651e-11
2206 Residuum: 1.456865e-11
2207 Residuum: 1.435399e-11
2208 Residuum: 1.414250e-11
2209 Residuum: 1.393413e-11
2210 Residuum: 1.372882e-11
2211 Residuum: 1.352654e-11
2212 Residuum: 1.332724e-11
2213 Residuum: 1.313088e-11
2214 Residuum: 1.293741e-11
2215 Residuum: 1.274679e-11
2216 Residuum: 1.255898e-11
2217 Residuum: 1.237394e-11
2218 Residuum: 1.219162e-11
2219 Residuum: 1.201199e-11
2220 Residuum: 1.183500e-11
2221 Residuum: 1.166063e-11
2222 Residuum: 1.148882e-11
2223 Residuum: 1.131954e-11
2224 Residuum: 1.115276e-11
2225 Residuum: 1.098844e-11
2226 Residuum: 1.082654e-11
2227 Residuum: 1.066702e-11
2228 Residuum: 1.050985e-11
2229 Residuum: 1.035500e-11
2230 Residuum: 1.020243e-11
2231 Residuum: 1.005211e-11
2232 Residuum: 9.903999e-12
2233 Residuum: 9.758073e-12
2234 Residuum: 9.614298e-12
2235 Residuum: 9.472642e-12
2236 Residuum: 9.333072e-12
2237 Residuum: 9.195559e-12
2238 Residuum: 9.060072e-12
2239 Residuum: 8.926581e-12
2240 Residuum: 8.795057e-12
2241 Residuum: 8.665471e-12
2242 Residuum: 8.537795e-12
2243 Residuum: 8.411999e-12
2244 Residuum: 8.288057e-12
2245 Residuum: 8.165941e-12
2246 Residuum: 8.045624e-12
2247 Residuum: 7.927080e-12
2248 Residuum: 7.810283e-12
2249 Residuum: 7.695207e-12
2250 Residuum: 7.581826e-12
2251 Residuum: 7.470116e-12
2252 Residuum: 7.360051e-12
2253 Residuum: 7.251608e-12
2254 Residuum: 7.144764e-12
2255 Residuum: 7.039493e-12
2256 Residuum: 6.935773e-12
2257 Residuum: 6.833582e-12
2258 Residuum: 6.732896e-12
2259 Residuum: 6.633694e-12
2260 Residuum: 6.535953e-12
2261 Residuum: 6.439653e-12
2262 Residuum: 6.344771e-12
2263 Residuum: 6.251287e-12
2264 Residuum: 6.159181e-12
2265 Residuum: 6.068432e-12
2266 Residuum: 5.979020e-12
2267 Residuum: 5.890926e-12
2268 Residuum: 5.804129e-12
2269 Residuum: 5.718611e-12
2270 Residuum: 5.634353e-12
2271 Residuum: 5.551337e-12
2272 Residuum: 5.469543e-12
2273 Residuum: 5.388956e-12
2274 Residuum: 5.309555e-12
2275 Residuum: 5.231324e-12
2276 Residuum: 5.154246e-12
2277 Residuum: 5.078304e-12
2278 Residuum: 5.003480e-12
2279 Residuum: 4.929759e-12
2280 Residuum: 4.857124e-12
2281 Residuum: 4.785560e-12
2282 Residuum: 4.715049e-12
2283 Residuum: 4.645578e-12
2284 Residuum: 4.577130e-12
2285 Residuum: 4.509691e-12
2286 Residuum: 4.443245e-12
2287 Residuum: 4.377779e-12
2288 Residuum: 4.313277e-12
2289 Residuum: 4.249725e-12
2290 Residuum: 4.187110e-12
2291 Residuum: 4.125417e-12
2292 Residuum: 4.064633e-12
2293 Residuum: 4.004745e-12
2294 Residuum: 3.945739e-12
2295 Residuum: 3.887603e-12
2296 Residuum: 3.830323e-12
2297 Residuum: 3.773887e-12
2298 Residuum: 3.718283e-12
2299 Residuum: 3.663498e-12
2300 Residuum: 3.609520e-12
2301 Residuum: 3.556338e-12
2302 Residuum: 3.503939e-12
2303 Residuum: 3.452312e-12
2304 Residuum: 3.401445e-12
2305 Residuum: 3.351329e-12
2306 Residuum: 3.301950e-12
2307 Residuum: 3.253299e-12
2308 Residuum: 3.205366e-12
2309 Residuum: 3.158138e-12
2310 Residuum: 3.111606e-12
2311 Residuum: 3.065760e-12
2312 Residuum: 3.020589e-12
2313 Residuum: 2.976084e-12
2314 Residuum: 2.932234e-12
2315 Residuum: 2.889031e-12
2316 Residuum: 2.846464e-12
2317 Residuum: 2.804524e-12
2318 Residuum: 2.763202e-12
2319 Residuum: 2.722489e-12
2320 Residuum: 2.682376e-12
2321 Residuum: 2.642854e-12
2322 Residuum: 2.603915e-12
2323 Residuum: 2.565549e-12
2324 Residuum: 2.527748e-12
2325 Residuum: 2.490504e-12
2326 Residuum: 2.453809e-12
2327 Residuum: 2.417655e-12
2328 Residuum: 2.382033e-12
2329 Residuum: 2.346936e-12
2330 Residuum: 2.312357e-12
2331 Residuum: 2.278287e-12
2332 Residuum: 2.244718e-12
2333 Residuum: 2.211645e-12
2334 Residuum: 2.179059e-12
2335 Residuum: 2.146952e-12
2336 Residuum: 2.115319e-12
2337 Residuum: 2.084152e-12
2338 Residuum: 2.053444e-12
2339 Residuum: 2.023189e-12
2340 Residuum: 1.993379e-12
2341 Residuum: 1.964009e-12
2342 Residuum: 1.935071e-12
2343 Residuum: 1.906560e-12
2344 Residuum: 1.878469e-12
2345 Residuum: 1.850792e-12
2346 Residuum: 1.823522e-12
2347 Residuum: 1.796654e-12
2348 Residuum: 1.770183e-12
2349 Residuum: 1.744101e-12
2350 Residuum: 1.718403e-12
2351 Residuum: 1.693084e-12
2352 Residuum: 1.668139e-12
2353 Residuum: 1.643560e-12
2354 Residuum: 1.619344e-12
2355 Residuum: 1.595485e-12
2356 Residuum: 1.571977e-12
2357 Residuum: 1.548815e-12
2358 Residuum: 1.525995e-12
2359 Residuum: 1.503511e-12
2360 Residuum: 1.481359e-12
2361 Residuum: 1.459532e-12
2362 Residuum: 1.438028e-12
2363 Residuum: 1.416840e-12
2364 Residuum: 1.395964e-12
2365 Residuum: 1.375396e-12
2366 Residuum: 1.355131e-12
2367 Residuum: 1.335165e-12
2368 Residuum: 1.315492e-12
2369 Residuum: 1.296110e-12
2370 Residuum: 1.277013e-12
2371 Residuum: 1.258198e-12
2372 Residuum: 1.239659e-12
2373 Residuum: 1.221394e-12
2374 Residuum: 1.203398e-12
2375 Residuum: 1.185668e-12
2376 Residuum: 1.168198e-12
2377 Residuum: 1.150986e-12
2378 Residuum: 1.134027e-12
2379 Residuum: 1.117318e-12
2380 Residuum: 1.100856e-12
2381 Residuum: 1.084636e-12
2382 Residuum: 1.068655e-12
2383 Residuum: 1.052909e-12
2384 Residuum: 1.037396e-12
2385 Residuum: 1.022111e-12
2386 Residuum: 1.007051e-12
2387 Residuum: 9.922134e-13
Solver took 2388 iterations to reach 0.000001 using omega=1.900000
Walltime 0.15s
